{"numTotalTestSuites":144,"numPassedTestSuites":127,"numFailedTestSuites":17,"numPendingTestSuites":0,"numTotalTests":221,"numPassedTests":204,"numFailedTests":17,"numPendingTests":0,"numTodoTests":0,"snapshot":{"added":0,"failure":false,"filesAdded":0,"filesRemoved":0,"filesRemovedList":[],"filesUnmatched":0,"filesUpdated":0,"matched":0,"total":0,"unchecked":0,"uncheckedKeysByFile":[],"unmatched":0,"updated":0,"didUpdate":false},"startTime":1761510606610,"success":false,"testResults":[{"assertionResults":[{"ancestorTitles":["About page"],"fullName":"About page renders the main heading with Dsentr","status":"failed","title":"renders the main heading with Dsentr","duration":468.0641999999998,"failureMessages":["TestingLibraryElementError: Unable to find an accessible element with the role \"heading\" and name `/About Dsentr/i`\n\nHere are the accessible roles:\n\n  heading:\n\n  Name \"People-first automation\":\n  \u001b[36m<h1\u001b[39m\n    \u001b[33mclass\u001b[39m=\u001b[32m\"text-4xl font-bold tracking-tight text-zinc-900 dark:text-zinc-100 sm:text-5xl md:text-6xl\"\u001b[39m\n  \u001b[36m/>\u001b[39m\n\n  Name \"Our mission\":\n  \u001b[36m<h2\u001b[39m\n    \u001b[33mclass\u001b[39m=\u001b[32m\"text-xl font-semibold text-zinc-900 dark:text-zinc-100\"\u001b[39m\n  \u001b[36m/>\u001b[39m\n\n  Name \"Our vision\":\n  \u001b[36m<h2\u001b[39m\n    \u001b[33mclass\u001b[39m=\u001b[32m\"text-xl font-semibold text-zinc-900 dark:text-zinc-100\"\u001b[39m\n  \u001b[36m/>\u001b[39m\n\n  Name \"Our principles\":\n  \u001b[36m<h2\u001b[39m\n    \u001b[33mclass\u001b[39m=\u001b[32m\"text-xl font-semibold text-zinc-900 dark:text-zinc-100\"\u001b[39m\n  \u001b[36m/>\u001b[39m\n\n  Name \"Why we built Dsentr\":\n  \u001b[36m<h2\u001b[39m\n    \u001b[33mclass\u001b[39m=\u001b[32m\"text-2xl font-semibold text-zinc-900 dark:text-zinc-100\"\u001b[39m\n  \u001b[36m/>\u001b[39m\n\n  --------------------------------------------------\n  paragraph:\n\n  Name \"\":\n  \u001b[36m<p\u001b[39m\n    \u001b[33mclass\u001b[39m=\u001b[32m\"max-w-3xl text-lg text-zinc-600 dark:text-zinc-300\"\u001b[39m\n  \u001b[36m/>\u001b[39m\n\n  Name \"\":\n  \u001b[36m<p\u001b[39m\n    \u001b[33mclass\u001b[39m=\u001b[32m\"mt-3 text-sm leading-relaxed text-zinc-600 dark:text-zinc-300\"\u001b[39m\n  \u001b[36m/>\u001b[39m\n\n  Name \"\":\n  \u001b[36m<p\u001b[39m\n    \u001b[33mclass\u001b[39m=\u001b[32m\"mt-3 text-sm leading-relaxed text-zinc-600 dark:text-zinc-300\"\u001b[39m\n  \u001b[36m/>\u001b[39m\n\n  Name \"\":\n  \u001b[36m<p\u001b[39m\n    \u001b[33mclass\u001b[39m=\u001b[32m\"mt-3 text-sm leading-relaxed text-zinc-600 dark:text-zinc-300\"\u001b[39m\n  \u001b[36m/>\u001b[39m\n\n  Name \"\":\n  \u001b[36m<p\u001b[39m\n    \u001b[33mclass\u001b[39m=\u001b[32m\"text-base leading-relaxed text-zinc-600 dark:text-zinc-300\"\u001b[39m\n  \u001b[36m/>\u001b[39m\n\n  Name \"\":\n  \u001b[36m<p\u001b[39m\n    \u001b[33mclass\u001b[39m=\u001b[32m\"text-base leading-relaxed text-zinc-600 dark:text-zinc-300\"\u001b[39m\n  \u001b[36m/>\u001b[39m\n\n  --------------------------------------------------\n\nIgnored nodes: comments, script, style\n\u001b[36m<body>\u001b[39m\n  \u001b[36m<div>\u001b[39m\n    \u001b[36m<div\u001b[39m\n      \u001b[33mclass\u001b[39m=\u001b[32m\"relative min-h-screen overflow-hidden bg-gradient-to-br from-zinc-50 via-white to-zinc-100 dark:from-zinc-950 dark:via-zinc-950 dark:to-black\"\u001b[39m\n    \u001b[36m>\u001b[39m\n      \u001b[36m<div\u001b[39m\n        \u001b[33mclass\u001b[39m=\u001b[32m\"pointer-events-none absolute inset-0\"\u001b[39m\n      \u001b[36m>\u001b[39m\n        \u001b[36m<div\u001b[39m\n          \u001b[33mclass\u001b[39m=\u001b[32m\"absolute left-1/2 top-[-15%] h-[520px] w-[520px] -translate-x-1/2 rounded-full bg-indigo-500/20 blur-3xl\"\u001b[39m\n        \u001b[36m/>\u001b[39m\n        \u001b[36m<div\u001b[39m\n          \u001b[33mclass\u001b[39m=\u001b[32m\"absolute right-[-10%] top-1/2 h-[420px] w-[420px] -translate-y-1/2 rounded-full bg-purple-500/15 blur-[160px]\"\u001b[39m\n        \u001b[36m/>\u001b[39m\n        \u001b[36m<div\u001b[39m\n          \u001b[33mclass\u001b[39m=\u001b[32m\"absolute left-[-12%] bottom-[-18%] h-[360px] w-[360px] rounded-full bg-sky-500/10 blur-[140px]\"\u001b[39m\n        \u001b[36m/>\u001b[39m\n      \u001b[36m</div>\u001b[39m\n      \u001b[36m<div\u001b[39m\n        \u001b[33mclass\u001b[39m=\u001b[32m\"relative z-10 mx-auto w-full max-w-5xl px-6 py-20 sm:py-24 lg:py-28\"\u001b[39m\n      \u001b[36m>\u001b[39m\n        \u001b[36m<div\u001b[39m\n          \u001b[33mclass\u001b[39m=\u001b[32m\"rounded-3xl border border-white/60 bg-white/80 p-10 shadow-2xl shadow-indigo-500/10 backdrop-blur-2xl transition-colors dark:border-white/10 dark:bg-zinc-900/80 sm:p-12 \"\u001b[39m\n        \u001b[36m>\u001b[39m\n          \u001b[36m<div\u001b[39m\n            \u001b[33mclass\u001b[39m=\u001b[32m\"space-y-16\"\u001b[39m\n          \u001b[36m>\u001b[39m\n            \u001b[36m<div\u001b[39m\n              \u001b[33mclass\u001b[39m=\u001b[32m\"flex flex-col gap-6 items-center text-center\"\u001b[39m\n            \u001b[36m>\u001b[39m\n              \u001b[36m<div\u001b[39m\n                \u001b[33mclass\u001b[39m=\u001b[32m\"flex items-center gap-3 text-2xl font-semibold tracking-tight text-zinc-900 dark:text-zinc-100 justify-center\"\u001b[39m\n              \u001b[36m>\u001b[39m\n                \u001b[36m<span\u001b[39m\n                  \u001b[33mclass\u001b[39m=\u001b[32m\"inline-flex h-12 w-12 items-center justify-center rounded-full bg-indigo-500/10 text-indigo-600 dark:text-indigo-400\"\u001b[39m\n                \u001b[36m>\u001b[39m\n                  \u001b[36m<div\u001b[39m\n                    \u001b[33mclass\u001b[39m=\u001b[32m\"text-zinc-900 dark:text-zinc-100\"\u001b[39m\n                  \u001b[36m>\u001b[39m\n                    \u001b[36m<svg\u001b[39m\n                      \u001b[33mclass\u001b[39m=\u001b[32m\"h-7 w-7\"\u001b[39m\n                      \u001b[33mfill\u001b[39m=\u001b[32m\"none\"\u001b[39m\n                      \u001b[33mheight\u001b[39m=\u001b[32m\"30\"\u001b[39m\n                      \u001b[33mstyle\u001b[39m=\u001b[32m\"margin-top: -3px;\"\u001b[39m\n                      \u001b[33mviewBox\u001b[39m=\u001b[32m\"0 0 200 200\"\u001b[39m\n                      \u001b[33mwidth\u001b[39m=\u001b[32m\"30\"\u001b[39m\n                      \u001b[33mxmlns\u001b[39m=\u001b[32m\"http://www.w3.org/2000/svg\"\u001b[39m\n                    \u001b[36m>\u001b[39m\n                      \u001b[36m<rect\u001b[39m\n                        \u001b[33mclass\u001b[39m=\u001b[32m\"square\"\u001b[39m\n                        \u001b[33mheight\u001b[39m=\u001b[32m\"32\"\u001b[39m\n                        \u001b[33mwidth\u001b[39m=\u001b[32m\"32\"\u001b[39m\n                        \u001b[33mx\u001b[39m=\u001b[32m\"20\"\u001b[39m\n                        \u001b[33my\u001b[39m=\u001b[32m\"20\"\u001b[39m\n                      \u001b[36m/>\u001b[39m\n                      \u001b[36m<rect\u001b[39m\n                        \u001b[33mclass\u001b[39m=\u001b[32m\"square\"\u001b[39m\n                        \u001b[33mheight\u001b[39m=\u001b[32m\"32\"\u001b[39m\n                        \u001b[33mwidth\u001b[39m=\u001b[32m\"32\"\u001b[39m\n                        \u001b[33mx\u001b[39m=\u001b[32m\"84\"\u001b[39m\n                        \u001b[33my\u001b[39m=\u001b[32m\"20\"\u001b[39m\n                      \u001b[36m/>\u001b[39m\n                      \u001b[36m<rect\u001b[39m\n                        \u001b[33mclass\u001b[39m=\u001b[32m\"square\"\u001b[39m\n                        \u001b[33mheight\u001b[39m=\u001b[32m\"32\"\u001b[39m\n                        \u001b[33mwidth\u001b[39m=\u001b[32m\"32\"\u001b[39m\n                        \u001b[33mx\u001b[39m=\u001b[32m\"148\"\u001b[39m\n                        \u001b[33my\u001b[39m=\u001b[32m\"20\"\u001b[39m\n                      \u001b[36m/>\u001b[39m\n                      \u001b[36m<rect\u001b[39m\n                        \u001b[33mclass\u001b[39m=\u001b[32m\"square\"\u001b[39m\n                        \u001b[33mheight\u001b[39m=\u001b[32m\"32\"\u001b[39m\n                        \u001b[33mwidth\u001b[39m=\u001b[32m\"32\"\u001b[39m\n                        \u001b[33mx\u001b[39m=\u001b[32m\"20\"\u001b[39m\n                        \u001b[33my\u001b[39m=\u001b[32m\"84\"\u001b[39m\n                      \u001b[36m/>\u001b[39m\n                      \u001b[36m<rect\u001b[39m\n                        \u001b[33mclass\u001b[39m=\u001b[32m\"square\"\u001b[39m\n                        \u001b[33mheight\u001b[39m=\u001b[32m\"32\"\u001b[39m\n                        \u001b[33mwidth\u001b[39m=\u001b[32m\"32\"\u001b[39m\n                        \u001b[33mx\u001b[39m=\u001b[32m\"84\"\u001b[39m\n                        \u001b[33my\u001b[39m=\u001b[32m\"84\"\u001b[39m\n                      \u001b[36m/>\u001b[39m\n                      \u001b[36m<rect\u001b[39m\n                        \u001b[33mclass\u001b[39m=\u001b[32m\"square\"\u001b[39m\n                        \u001b[33mheight\u001b[39m=\u001b[32m\"32\"\u001b[39m\n                        \u001b[33mwidth\u001b[39m=\u001b[32m\"32\"\u001b[39m\n                        \u001b[33mx\u001b[39m=\u001b[32m\"148\"\u001b[39m\n                        \u001b[33my\u001b[39m=\u001b[32m\"84\"\u001b[39m\n                      \u001b[36m/>\u001b[39m\n                      \u001b[36m<rect\u001b[39m\n                        \u001b[33mclass\u001b[39m=\u001b[32m\"square\"\u001b[39m\n                        \u001b[33mheight\u001b[39m=\u001b[32m\"32\"\u001b[39m\n                        \u001b[33mwidth\u001b[39m=\u001b[32m\"32\"\u001b[39m\n                        \u001b[33mx\u001b[39m=\u001b[32m\"20\"\u001b[39m\n                        \u001b[33my\u001b[39m=\u001b[32m\"148\"\u001b[39m\n                      \u001b[36m/>\u001b[39m\n                      \u001b[36m<rect\u001b[39m\n                        \u001b[33mclass\u001b[39m=\u001b[32m\"square\"\u001b[39m\n                        \u001b[33mheight\u001b[39m=\u001b[32m\"32\"\u001b[39m\n                        \u001b[33mwidth\u001b[39m=\u001b[32m\"32\"\u001b[39m\n                        \u001b[33mx\u001b[39m=\u001b[32m\"84\"\u001b[39m\n                        \u001b[33my\u001b[39m=\u001b[32m\"148\"\u001b[39m\n                      \u001b[36m/>\u001b[39m\n                      \u001b[36m<rect\u001b[39m\n                        \u001b[33mclass\u001b[39m=\u001b[32m\"square\"\u001b[39m\n                        \u001b[33mheight\u001b[39m=\u001b[32m\"32\"\u001b[39m\n                        \u001b[33mwidth\u001b[39m=\u001b[32m\"32\"\u001b[39m\n                        \u001b[33mx\u001b[39m=\u001b[32m\"148\"\u001b[39m\n                        \u001b[33my\u001b[39m=\u001b[32m\"148\"\u001b[39m\n                      \u001b[36m/>\u001b[39m\n                      \u001b[36m<line\u001b[39m\n                        \u001b[33mclass\u001b[39m=\u001b[32m\"line\"\u001b[39m\n                        \u001b[33mx1\u001b[39m=\u001b[32m\"52\"\u001b[39m\n                        \u001b[33mx2\u001b[39m=\u001b[32m\"84\"\u001b[39m\n                        \u001b[33my1\u001b[39m=\u001b[32m\"36\"\u001b[39m\n                        \u001b[33my2\u001b[39m=\u001b[32m\"36\"\u001b[39m\n                      \u001b[36m/>\u001b[39m\n                      \u001b[36m<line\u001b[39m\n                        \u001b[33mclass\u001b[39m=\u001b[32m\"line\"\u001b[39m\n                        \u001b[33mx1\u001b[39m=\u001b[32m\"116\"\u001b[39m\n                        \u001b[33mx2\u001b[39m=\u001b[32m\"148\"\u001b[39m\n                        \u001b[33my1\u001b[39m=\u001b[32m\"36\"\u001b[39m\n                        \u001b[33my2\u001b[39m=\u001b[32m\"36\"\u001b[39m\n                      \u001b[36m/>\u001b[39m\n                      \u001b[36m<line\u001b[39m\n                        \u001b[33mclass\u001b[39m=\u001b[32m\"line\"\u001b[39m\n                        \u001b[33mx1\u001b[39m=\u001b[32m\"36\"\u001b[39m\n                        \u001b[33mx2\u001b[39m=\u001b[32m\"36\"\u001b[39m\n                        \u001b[33my1\u001b[39m=\u001b[32m\"52\"\u001b[39m\n                        \u001b[33my2\u001b[39m=\u001b[32m\"84\"\u001b[39m\n                      \u001b[36m/>\u001b[39m\n                    \u001b[36m</svg>\u001b[39m\n                  \u001b[36m</div>\u001b[39m\n                \u001b[36m</span>\u001b[39m\n                \u001b[36m<span>\u001b[39m\n                  \u001b[0mDsentr\u001b[0m\n                \u001b[36m</span>\u001b[39m\n              \u001b[36m</div>\u001b[39m\n              \u001b[36m<span\u001b[39m\n                \u001b[33mclass\u001b[39m=\u001b[32m\"text-xs font-semibold uppercase tracking-[0.4em] text-indigo-500\"\u001b[39m\n              \u001b[36m>\u001b[39m\n                \u001b[0mOur story\u001b[0m\n              \u001b[36m</span>\u001b[39m\n              \u001b[36m<h1\u001b[39m\n                \u001b[33mclass\u001b[39m=\u001b[32m\"text-4xl font-bold tracking-tight text-zinc-900 dark:text-zinc-100 sm:text-5xl md:text-6xl\"\u001b[39m\n              \u001b[36m>\u001b[39m\n                \u001b[0mPeople-first automation\u001b[0m\n              \u001b[36m</h1>\u001b[39m\n              \u001b[36m<p\u001b[39m\n                \u001b[33mclass\u001b[39m=\u001b[32m\"max-w-3xl text-lg text-zinc-600 dark:text-zinc-300\"\u001b[39m\n              \u001b[36m>\u001b[39m\n                \u001b[0mWe are designers, engineers, and operators who believe automation should accelerate human creativity. Dsentr turns sophisticated workflows into approachable, dependable systems.\u001b[0m\n              \u001b[36m</p>\u001b[39m\n            \u001b[36m</div>\u001b[39m\n            \u001b[36m<section\u001b[39m\n              \u001b[33mclass\u001b[39m=\u001b[32m\"grid gap-8 md:grid-cols-3\"\u001b[39m\n            \u001b[36m>\u001b[39m\n              \u001b[36m<div\u001b[39m\n                \u001b[33mclass\u001b[39m=\u001b[32m\"rounded-2xl border border-zinc-200/60 bg-white/70 p-6 text-left shadow-sm transition hover:-translate-y-1 hover:shadow-lg hover:shadow-indigo-500/10 dark:border-white/10 dark:bg-zinc-900/70\"\u001b[39m\n              \u001b[36m>\u001b[39m\n                \u001b[36m<h2\u001b[39m\n                  \u001b[33mclass\u001b[39m=\u001b[32m\"text-xl font-semibold text-zinc-900 dark:text-zinc-100\"\u001b[39m\n                \u001b[36m>\u001b[39m\n                  \u001b[0mOur mission\u001b[0m\n                \u001b[36m</h2>\u001b[39m\n                \u001b[36m<p\u001b[39m\n                  \u001b[33mclass\u001b[39m=\u001b[32m\"mt-3 text-sm leading-relaxed text-zinc-600 dark:text-zinc-300\"\u001b[39m\n                \u001b[36m>\u001b[39m\n                  \u001b[0mEmpower builders with the freedom to automate without friction. Dsentr translates complex systems into modular, reliable building blocks anyone can orchestrate.\u001b[0m\n                \u001b[36m</p>\u001b[39m\n              \u001b[36m</div>\u001b[39m\n              \u001b[36m<div\u001b[39m\n                \u001b[33mclass\u001b[39m=\u001b[32m\"rounded-2xl border border-zinc-200/60 bg-white/70 p-6 text-left shadow-sm transition hover:-translate-y-1 hover:shadow-lg hover:shadow-indigo-500/10 dark:border-white/10 dark:bg-zinc-900/70\"\u001b[39m\n              \u001b[36m>\u001b[39m\n                \u001b[36m<h2\u001b[39m\n                  \u001b[33mclass\u001b[39m=\u001b[32m\"text-xl font-semibold text-zinc-900 dark:text-zinc-100\"\u001b[39m\n                \u001b[36m>\u001b[39m\n                  \u001b[0mOur vision\u001b[0m\n                \u001b[36m</h2>\u001b[39m\n                \u001b[36m<p\u001b[39m\n                  \u001b[33mclass\u001b[39m=\u001b[32m\"mt-3 text-sm leading-relaxed text-zinc-600 dark:text-zinc-300\"\u001b[39m\n                \u001b[36m>\u001b[39m\n                  \u001b[0mSoftware should feel composable and transparent. We imagine a future where teams assemble workflows the way designers compose layouts – visually, collaboratively, and with complete control.\u001b[0m\n                \u001b[36m</p>\u001b[39m\n              \u001b[36m</div>\u001b[39m\n              \u001b[36m<div\u001b[39m\n                \u001b[33mclass\u001b[39m=\u001b[32m\"rounded-2xl border border-zinc-200/60 bg-white/70 p-6 text-left shadow-sm transition hover:-translate-y-1 hover:shadow-lg hover:shadow-indigo-500/10 dark:border-white/10 dark:bg-zinc-900/70\"\u001b[39m\n              \u001b[36m>\u001b[39m\n                \u001b[36m<h2\u001b[39m\n                  \u001b[33mclass\u001b[39m=\u001b[32m\"text-xl font-semibold text-zinc-900 dark:text-zinc-100\"\u001b[39m\n                \u001b[36m>\u001b[39m\n                  \u001b[0mOur principles\u001b[0m\n                \u001b[36m</h2>\u001b[39m\n                \u001b[36m<p\u001b[39m\n                  \u001b[33mclass\u001b[39m=\u001b[32m\"mt-3 text-sm leading-relaxed text-zinc-600 dark:text-zinc-300\"\u001b[39m\n                \u001b[36m>\u001b[39m\n                  \u001b[0mClarity, composability, and trust. Every interaction in Dsentr is crafted to stay out of your way while giving you the levers to scale securely and sustainably.\u001b[0m\n                \u001b[36m</p>\u001b[39m\n              \u001b[36m</div>\u001b[39m\n            \u001b[36m</section>\u001b[39m\n            \u001b[36m<section\u001b[39m\n              \u001b[33mclass\u001b[39m=\u001b[32m\"grid gap-10 rounded-2xl border border-zinc-200/60 bg-gradient-to-br from-indigo-500/10 via-white/60 to-purple-500/10 p-10 text-left shadow-inner dark:border-white/10 dark:from-indigo-400/10 dark:via-zinc-900/60 dark:to-purple-400/10\"\u001b[39m\n            \u001b[36m>\u001b[39m\n              \u001b[36m<div\u001b[39m\n                \u001b[33mclass\u001b[39m=\u001b[32m\"space-y-4\"\u001b[39m\n              \u001b[36m>\u001b[39m\n                \u001b[36m<h2\u001b[39m\n                  \u001b[33mclass\u001b[39m=\u001b[32m\"text-2xl font-semibold text-zinc-900 dark:text-zinc-100\"\u001b[39m\n                \u001b[36m>\u001b[39m\n                  \u001b[0mWhy we built Dsentr\u001b[0m\n                \u001b[36m</h2>\u001b[39m\n                \u001b[36m<p\u001b[39m\n                  \u001b[33mclass\u001b[39m=\u001b[32m\"text-base leading-relaxed text-zinc-600 dark:text-zinc-300\"\u001b[39m\n                \u001b[36m>\u001b[39m\n                  \u001b[0mDsentr started as a response to brittle, opaque automation stacks. We wanted a platform that made complex orchestration approachable without hiding the details that matter. Triggers, actions, and data flow are all modular so teams can move quickly without losing governance.\u001b[0m\n                \u001b[36m</p>\u001b[39m\n              \u001b[36m</div>\u001b[39m\n              \u001b[36m<p\u001b[39m\n                \u001b[33mclass\u001b[39m=\u001b[32m\"text-base leading-relaxed text-zinc-600 dark:text-zinc-300\"\u001b[39m\n              \u001b[36m>\u001b[39m\n                \u001b[0mToday, we partner with teams of all sizes to streamline operations, prototype ideas faster, and ship dependable workflows. If you are building the future of your business on automation, Dsentr is built to grow with you.\u001b[0m\n              \u001b[36m</p>\u001b[39m\n            \u001b[36m</section>\u001b[39m\n          \u001b[36m</div>\u001b[39m\n        \u001b[36m</div>\u001b[39m\n      \u001b[36m</div>\u001b[39m\n    \u001b[36m</div>\u001b[39m\n  \u001b[36m</div>\u001b[39m\n\u001b[36m</body>\u001b[39m\n    at Object.getElementError (F:\\work\\unified\\frontend\\node_modules\\@testing-library\\dom\\dist\\config.js:37:19)\n    at F:\\work\\unified\\frontend\\node_modules\\@testing-library\\dom\\dist\\query-helpers.js:76:38\n    at F:\\work\\unified\\frontend\\node_modules\\@testing-library\\dom\\dist\\query-helpers.js:52:17\n    at F:\\work\\unified\\frontend\\node_modules\\@testing-library\\dom\\dist\\query-helpers.js:95:19\n    at F:\\work\\unified\\frontend\\tests\\About.test.tsx:9:14\n    at file:///F:/work/unified/frontend/node_modules/@vitest/runner/dist/index.js:103:11\n    at file:///F:/work/unified/frontend/node_modules/@vitest/runner/dist/index.js:596:26\n    at file:///F:/work/unified/frontend/node_modules/@vitest/runner/dist/index.js:879:20\n    at new Promise (<anonymous>)\n    at runWithTimeout (file:///F:/work/unified/frontend/node_modules/@vitest/runner/dist/index.js:852:10)"],"meta":{}},{"ancestorTitles":["About page"],"fullName":"About page renders all three sections","status":"passed","title":"renders all three sections","duration":45.392599999999675,"failureMessages":[],"meta":{}},{"ancestorTitles":["About page"],"fullName":"About page renders the story section","status":"failed","title":"renders the story section","duration":202.66889999999967,"failureMessages":["TestingLibraryElementError: Unable to find an accessible element with the role \"heading\" and name `/The Story Behind Dsentr/i`\n\nHere are the accessible roles:\n\n  heading:\n\n  Name \"People-first automation\":\n  \u001b[36m<h1\u001b[39m\n    \u001b[33mclass\u001b[39m=\u001b[32m\"text-4xl font-bold tracking-tight text-zinc-900 dark:text-zinc-100 sm:text-5xl md:text-6xl\"\u001b[39m\n  \u001b[36m/>\u001b[39m\n\n  Name \"Our mission\":\n  \u001b[36m<h2\u001b[39m\n    \u001b[33mclass\u001b[39m=\u001b[32m\"text-xl font-semibold text-zinc-900 dark:text-zinc-100\"\u001b[39m\n  \u001b[36m/>\u001b[39m\n\n  Name \"Our vision\":\n  \u001b[36m<h2\u001b[39m\n    \u001b[33mclass\u001b[39m=\u001b[32m\"text-xl font-semibold text-zinc-900 dark:text-zinc-100\"\u001b[39m\n  \u001b[36m/>\u001b[39m\n\n  Name \"Our principles\":\n  \u001b[36m<h2\u001b[39m\n    \u001b[33mclass\u001b[39m=\u001b[32m\"text-xl font-semibold text-zinc-900 dark:text-zinc-100\"\u001b[39m\n  \u001b[36m/>\u001b[39m\n\n  Name \"Why we built Dsentr\":\n  \u001b[36m<h2\u001b[39m\n    \u001b[33mclass\u001b[39m=\u001b[32m\"text-2xl font-semibold text-zinc-900 dark:text-zinc-100\"\u001b[39m\n  \u001b[36m/>\u001b[39m\n\n  --------------------------------------------------\n  paragraph:\n\n  Name \"\":\n  \u001b[36m<p\u001b[39m\n    \u001b[33mclass\u001b[39m=\u001b[32m\"max-w-3xl text-lg text-zinc-600 dark:text-zinc-300\"\u001b[39m\n  \u001b[36m/>\u001b[39m\n\n  Name \"\":\n  \u001b[36m<p\u001b[39m\n    \u001b[33mclass\u001b[39m=\u001b[32m\"mt-3 text-sm leading-relaxed text-zinc-600 dark:text-zinc-300\"\u001b[39m\n  \u001b[36m/>\u001b[39m\n\n  Name \"\":\n  \u001b[36m<p\u001b[39m\n    \u001b[33mclass\u001b[39m=\u001b[32m\"mt-3 text-sm leading-relaxed text-zinc-600 dark:text-zinc-300\"\u001b[39m\n  \u001b[36m/>\u001b[39m\n\n  Name \"\":\n  \u001b[36m<p\u001b[39m\n    \u001b[33mclass\u001b[39m=\u001b[32m\"mt-3 text-sm leading-relaxed text-zinc-600 dark:text-zinc-300\"\u001b[39m\n  \u001b[36m/>\u001b[39m\n\n  Name \"\":\n  \u001b[36m<p\u001b[39m\n    \u001b[33mclass\u001b[39m=\u001b[32m\"text-base leading-relaxed text-zinc-600 dark:text-zinc-300\"\u001b[39m\n  \u001b[36m/>\u001b[39m\n\n  Name \"\":\n  \u001b[36m<p\u001b[39m\n    \u001b[33mclass\u001b[39m=\u001b[32m\"text-base leading-relaxed text-zinc-600 dark:text-zinc-300\"\u001b[39m\n  \u001b[36m/>\u001b[39m\n\n  --------------------------------------------------\n\nIgnored nodes: comments, script, style\n\u001b[36m<body>\u001b[39m\n  \u001b[36m<div>\u001b[39m\n    \u001b[36m<div\u001b[39m\n      \u001b[33mclass\u001b[39m=\u001b[32m\"relative min-h-screen overflow-hidden bg-gradient-to-br from-zinc-50 via-white to-zinc-100 dark:from-zinc-950 dark:via-zinc-950 dark:to-black\"\u001b[39m\n    \u001b[36m>\u001b[39m\n      \u001b[36m<div\u001b[39m\n        \u001b[33mclass\u001b[39m=\u001b[32m\"pointer-events-none absolute inset-0\"\u001b[39m\n      \u001b[36m>\u001b[39m\n        \u001b[36m<div\u001b[39m\n          \u001b[33mclass\u001b[39m=\u001b[32m\"absolute left-1/2 top-[-15%] h-[520px] w-[520px] -translate-x-1/2 rounded-full bg-indigo-500/20 blur-3xl\"\u001b[39m\n        \u001b[36m/>\u001b[39m\n        \u001b[36m<div\u001b[39m\n          \u001b[33mclass\u001b[39m=\u001b[32m\"absolute right-[-10%] top-1/2 h-[420px] w-[420px] -translate-y-1/2 rounded-full bg-purple-500/15 blur-[160px]\"\u001b[39m\n        \u001b[36m/>\u001b[39m\n        \u001b[36m<div\u001b[39m\n          \u001b[33mclass\u001b[39m=\u001b[32m\"absolute left-[-12%] bottom-[-18%] h-[360px] w-[360px] rounded-full bg-sky-500/10 blur-[140px]\"\u001b[39m\n        \u001b[36m/>\u001b[39m\n      \u001b[36m</div>\u001b[39m\n      \u001b[36m<div\u001b[39m\n        \u001b[33mclass\u001b[39m=\u001b[32m\"relative z-10 mx-auto w-full max-w-5xl px-6 py-20 sm:py-24 lg:py-28\"\u001b[39m\n      \u001b[36m>\u001b[39m\n        \u001b[36m<div\u001b[39m\n          \u001b[33mclass\u001b[39m=\u001b[32m\"rounded-3xl border border-white/60 bg-white/80 p-10 shadow-2xl shadow-indigo-500/10 backdrop-blur-2xl transition-colors dark:border-white/10 dark:bg-zinc-900/80 sm:p-12 \"\u001b[39m\n        \u001b[36m>\u001b[39m\n          \u001b[36m<div\u001b[39m\n            \u001b[33mclass\u001b[39m=\u001b[32m\"space-y-16\"\u001b[39m\n          \u001b[36m>\u001b[39m\n            \u001b[36m<div\u001b[39m\n              \u001b[33mclass\u001b[39m=\u001b[32m\"flex flex-col gap-6 items-center text-center\"\u001b[39m\n            \u001b[36m>\u001b[39m\n              \u001b[36m<div\u001b[39m\n                \u001b[33mclass\u001b[39m=\u001b[32m\"flex items-center gap-3 text-2xl font-semibold tracking-tight text-zinc-900 dark:text-zinc-100 justify-center\"\u001b[39m\n              \u001b[36m>\u001b[39m\n                \u001b[36m<span\u001b[39m\n                  \u001b[33mclass\u001b[39m=\u001b[32m\"inline-flex h-12 w-12 items-center justify-center rounded-full bg-indigo-500/10 text-indigo-600 dark:text-indigo-400\"\u001b[39m\n                \u001b[36m>\u001b[39m\n                  \u001b[36m<div\u001b[39m\n                    \u001b[33mclass\u001b[39m=\u001b[32m\"text-zinc-900 dark:text-zinc-100\"\u001b[39m\n                  \u001b[36m>\u001b[39m\n                    \u001b[36m<svg\u001b[39m\n                      \u001b[33mclass\u001b[39m=\u001b[32m\"h-7 w-7\"\u001b[39m\n                      \u001b[33mfill\u001b[39m=\u001b[32m\"none\"\u001b[39m\n                      \u001b[33mheight\u001b[39m=\u001b[32m\"30\"\u001b[39m\n                      \u001b[33mstyle\u001b[39m=\u001b[32m\"margin-top: -3px;\"\u001b[39m\n                      \u001b[33mviewBox\u001b[39m=\u001b[32m\"0 0 200 200\"\u001b[39m\n                      \u001b[33mwidth\u001b[39m=\u001b[32m\"30\"\u001b[39m\n                      \u001b[33mxmlns\u001b[39m=\u001b[32m\"http://www.w3.org/2000/svg\"\u001b[39m\n                    \u001b[36m>\u001b[39m\n                      \u001b[36m<rect\u001b[39m\n                        \u001b[33mclass\u001b[39m=\u001b[32m\"square\"\u001b[39m\n                        \u001b[33mheight\u001b[39m=\u001b[32m\"32\"\u001b[39m\n                        \u001b[33mwidth\u001b[39m=\u001b[32m\"32\"\u001b[39m\n                        \u001b[33mx\u001b[39m=\u001b[32m\"20\"\u001b[39m\n                        \u001b[33my\u001b[39m=\u001b[32m\"20\"\u001b[39m\n                      \u001b[36m/>\u001b[39m\n                      \u001b[36m<rect\u001b[39m\n                        \u001b[33mclass\u001b[39m=\u001b[32m\"square\"\u001b[39m\n                        \u001b[33mheight\u001b[39m=\u001b[32m\"32\"\u001b[39m\n                        \u001b[33mwidth\u001b[39m=\u001b[32m\"32\"\u001b[39m\n                        \u001b[33mx\u001b[39m=\u001b[32m\"84\"\u001b[39m\n                        \u001b[33my\u001b[39m=\u001b[32m\"20\"\u001b[39m\n                      \u001b[36m/>\u001b[39m\n                      \u001b[36m<rect\u001b[39m\n                        \u001b[33mclass\u001b[39m=\u001b[32m\"square\"\u001b[39m\n                        \u001b[33mheight\u001b[39m=\u001b[32m\"32\"\u001b[39m\n                        \u001b[33mwidth\u001b[39m=\u001b[32m\"32\"\u001b[39m\n                        \u001b[33mx\u001b[39m=\u001b[32m\"148\"\u001b[39m\n                        \u001b[33my\u001b[39m=\u001b[32m\"20\"\u001b[39m\n                      \u001b[36m/>\u001b[39m\n                      \u001b[36m<rect\u001b[39m\n                        \u001b[33mclass\u001b[39m=\u001b[32m\"square\"\u001b[39m\n                        \u001b[33mheight\u001b[39m=\u001b[32m\"32\"\u001b[39m\n                        \u001b[33mwidth\u001b[39m=\u001b[32m\"32\"\u001b[39m\n                        \u001b[33mx\u001b[39m=\u001b[32m\"20\"\u001b[39m\n                        \u001b[33my\u001b[39m=\u001b[32m\"84\"\u001b[39m\n                      \u001b[36m/>\u001b[39m\n                      \u001b[36m<rect\u001b[39m\n                        \u001b[33mclass\u001b[39m=\u001b[32m\"square\"\u001b[39m\n                        \u001b[33mheight\u001b[39m=\u001b[32m\"32\"\u001b[39m\n                        \u001b[33mwidth\u001b[39m=\u001b[32m\"32\"\u001b[39m\n                        \u001b[33mx\u001b[39m=\u001b[32m\"84\"\u001b[39m\n                        \u001b[33my\u001b[39m=\u001b[32m\"84\"\u001b[39m\n                      \u001b[36m/>\u001b[39m\n                      \u001b[36m<rect\u001b[39m\n                        \u001b[33mclass\u001b[39m=\u001b[32m\"square\"\u001b[39m\n                        \u001b[33mheight\u001b[39m=\u001b[32m\"32\"\u001b[39m\n                        \u001b[33mwidth\u001b[39m=\u001b[32m\"32\"\u001b[39m\n                        \u001b[33mx\u001b[39m=\u001b[32m\"148\"\u001b[39m\n                        \u001b[33my\u001b[39m=\u001b[32m\"84\"\u001b[39m\n                      \u001b[36m/>\u001b[39m\n                      \u001b[36m<rect\u001b[39m\n                        \u001b[33mclass\u001b[39m=\u001b[32m\"square\"\u001b[39m\n                        \u001b[33mheight\u001b[39m=\u001b[32m\"32\"\u001b[39m\n                        \u001b[33mwidth\u001b[39m=\u001b[32m\"32\"\u001b[39m\n                        \u001b[33mx\u001b[39m=\u001b[32m\"20\"\u001b[39m\n                        \u001b[33my\u001b[39m=\u001b[32m\"148\"\u001b[39m\n                      \u001b[36m/>\u001b[39m\n                      \u001b[36m<rect\u001b[39m\n                        \u001b[33mclass\u001b[39m=\u001b[32m\"square\"\u001b[39m\n                        \u001b[33mheight\u001b[39m=\u001b[32m\"32\"\u001b[39m\n                        \u001b[33mwidth\u001b[39m=\u001b[32m\"32\"\u001b[39m\n                        \u001b[33mx\u001b[39m=\u001b[32m\"84\"\u001b[39m\n                        \u001b[33my\u001b[39m=\u001b[32m\"148\"\u001b[39m\n                      \u001b[36m/>\u001b[39m\n                      \u001b[36m<rect\u001b[39m\n                        \u001b[33mclass\u001b[39m=\u001b[32m\"square\"\u001b[39m\n                        \u001b[33mheight\u001b[39m=\u001b[32m\"32\"\u001b[39m\n                        \u001b[33mwidth\u001b[39m=\u001b[32m\"32\"\u001b[39m\n                        \u001b[33mx\u001b[39m=\u001b[32m\"148\"\u001b[39m\n                        \u001b[33my\u001b[39m=\u001b[32m\"148\"\u001b[39m\n                      \u001b[36m/>\u001b[39m\n                      \u001b[36m<line\u001b[39m\n                        \u001b[33mclass\u001b[39m=\u001b[32m\"line\"\u001b[39m\n                        \u001b[33mx1\u001b[39m=\u001b[32m\"52\"\u001b[39m\n                        \u001b[33mx2\u001b[39m=\u001b[32m\"84\"\u001b[39m\n                        \u001b[33my1\u001b[39m=\u001b[32m\"36\"\u001b[39m\n                        \u001b[33my2\u001b[39m=\u001b[32m\"36\"\u001b[39m\n                      \u001b[36m/>\u001b[39m\n                      \u001b[36m<line\u001b[39m\n                        \u001b[33mclass\u001b[39m=\u001b[32m\"line\"\u001b[39m\n                        \u001b[33mx1\u001b[39m=\u001b[32m\"116\"\u001b[39m\n                        \u001b[33mx2\u001b[39m=\u001b[32m\"148\"\u001b[39m\n                        \u001b[33my1\u001b[39m=\u001b[32m\"36\"\u001b[39m\n                        \u001b[33my2\u001b[39m=\u001b[32m\"36\"\u001b[39m\n                      \u001b[36m/>\u001b[39m\n                      \u001b[36m<line\u001b[39m\n                        \u001b[33mclass\u001b[39m=\u001b[32m\"line\"\u001b[39m\n                        \u001b[33mx1\u001b[39m=\u001b[32m\"36\"\u001b[39m\n                        \u001b[33mx2\u001b[39m=\u001b[32m\"36\"\u001b[39m\n                        \u001b[33my1\u001b[39m=\u001b[32m\"52\"\u001b[39m\n                        \u001b[33my2\u001b[39m=\u001b[32m\"84\"\u001b[39m\n                      \u001b[36m/>\u001b[39m\n                    \u001b[36m</svg>\u001b[39m\n                  \u001b[36m</div>\u001b[39m\n                \u001b[36m</span>\u001b[39m\n                \u001b[36m<span>\u001b[39m\n                  \u001b[0mDsentr\u001b[0m\n                \u001b[36m</span>\u001b[39m\n              \u001b[36m</div>\u001b[39m\n              \u001b[36m<span\u001b[39m\n                \u001b[33mclass\u001b[39m=\u001b[32m\"text-xs font-semibold uppercase tracking-[0.4em] text-indigo-500\"\u001b[39m\n              \u001b[36m>\u001b[39m\n                \u001b[0mOur story\u001b[0m\n              \u001b[36m</span>\u001b[39m\n              \u001b[36m<h1\u001b[39m\n                \u001b[33mclass\u001b[39m=\u001b[32m\"text-4xl font-bold tracking-tight text-zinc-900 dark:text-zinc-100 sm:text-5xl md:text-6xl\"\u001b[39m\n              \u001b[36m>\u001b[39m\n                \u001b[0mPeople-first automation\u001b[0m\n              \u001b[36m</h1>\u001b[39m\n              \u001b[36m<p\u001b[39m\n                \u001b[33mclass\u001b[39m=\u001b[32m\"max-w-3xl text-lg text-zinc-600 dark:text-zinc-300\"\u001b[39m\n              \u001b[36m>\u001b[39m\n                \u001b[0mWe are designers, engineers, and operators who believe automation should accelerate human creativity. Dsentr turns sophisticated workflows into approachable, dependable systems.\u001b[0m\n              \u001b[36m</p>\u001b[39m\n            \u001b[36m</div>\u001b[39m\n            \u001b[36m<section\u001b[39m\n              \u001b[33mclass\u001b[39m=\u001b[32m\"grid gap-8 md:grid-cols-3\"\u001b[39m\n            \u001b[36m>\u001b[39m\n              \u001b[36m<div\u001b[39m\n                \u001b[33mclass\u001b[39m=\u001b[32m\"rounded-2xl border border-zinc-200/60 bg-white/70 p-6 text-left shadow-sm transition hover:-translate-y-1 hover:shadow-lg hover:shadow-indigo-500/10 dark:border-white/10 dark:bg-zinc-900/70\"\u001b[39m\n              \u001b[36m>\u001b[39m\n                \u001b[36m<h2\u001b[39m\n                  \u001b[33mclass\u001b[39m=\u001b[32m\"text-xl font-semibold text-zinc-900 dark:text-zinc-100\"\u001b[39m\n                \u001b[36m>\u001b[39m\n                  \u001b[0mOur mission\u001b[0m\n                \u001b[36m</h2>\u001b[39m\n                \u001b[36m<p\u001b[39m\n                  \u001b[33mclass\u001b[39m=\u001b[32m\"mt-3 text-sm leading-relaxed text-zinc-600 dark:text-zinc-300\"\u001b[39m\n                \u001b[36m>\u001b[39m\n                  \u001b[0mEmpower builders with the freedom to automate without friction. Dsentr translates complex systems into modular, reliable building blocks anyone can orchestrate.\u001b[0m\n                \u001b[36m</p>\u001b[39m\n              \u001b[36m</div>\u001b[39m\n              \u001b[36m<div\u001b[39m\n                \u001b[33mclass\u001b[39m=\u001b[32m\"rounded-2xl border border-zinc-200/60 bg-white/70 p-6 text-left shadow-sm transition hover:-translate-y-1 hover:shadow-lg hover:shadow-indigo-500/10 dark:border-white/10 dark:bg-zinc-900/70\"\u001b[39m\n              \u001b[36m>\u001b[39m\n                \u001b[36m<h2\u001b[39m\n                  \u001b[33mclass\u001b[39m=\u001b[32m\"text-xl font-semibold text-zinc-900 dark:text-zinc-100\"\u001b[39m\n                \u001b[36m>\u001b[39m\n                  \u001b[0mOur vision\u001b[0m\n                \u001b[36m</h2>\u001b[39m\n                \u001b[36m<p\u001b[39m\n                  \u001b[33mclass\u001b[39m=\u001b[32m\"mt-3 text-sm leading-relaxed text-zinc-600 dark:text-zinc-300\"\u001b[39m\n                \u001b[36m>\u001b[39m\n                  \u001b[0mSoftware should feel composable and transparent. We imagine a future where teams assemble workflows the way designers compose layouts – visually, collaboratively, and with complete control.\u001b[0m\n                \u001b[36m</p>\u001b[39m\n              \u001b[36m</div>\u001b[39m\n              \u001b[36m<div\u001b[39m\n                \u001b[33mclass\u001b[39m=\u001b[32m\"rounded-2xl border border-zinc-200/60 bg-white/70 p-6 text-left shadow-sm transition hover:-translate-y-1 hover:shadow-lg hover:shadow-indigo-500/10 dark:border-white/10 dark:bg-zinc-900/70\"\u001b[39m\n              \u001b[36m>\u001b[39m\n                \u001b[36m<h2\u001b[39m\n                  \u001b[33mclass\u001b[39m=\u001b[32m\"text-xl font-semibold text-zinc-900 dark:text-zinc-100\"\u001b[39m\n                \u001b[36m>\u001b[39m\n                  \u001b[0mOur principles\u001b[0m\n                \u001b[36m</h2>\u001b[39m\n                \u001b[36m<p\u001b[39m\n                  \u001b[33mclass\u001b[39m=\u001b[32m\"mt-3 text-sm leading-relaxed text-zinc-600 dark:text-zinc-300\"\u001b[39m\n                \u001b[36m>\u001b[39m\n                  \u001b[0mClarity, composability, and trust. Every interaction in Dsentr is crafted to stay out of your way while giving you the levers to scale securely and sustainably.\u001b[0m\n                \u001b[36m</p>\u001b[39m\n              \u001b[36m</div>\u001b[39m\n            \u001b[36m</section>\u001b[39m\n            \u001b[36m<section\u001b[39m\n              \u001b[33mclass\u001b[39m=\u001b[32m\"grid gap-10 rounded-2xl border border-zinc-200/60 bg-gradient-to-br from-indigo-500/10 via-white/60 to-purple-500/10 p-10 text-left shadow-inner dark:border-white/10 dark:from-indigo-400/10 dark:via-zinc-900/60 dark:to-purple-400/10\"\u001b[39m\n            \u001b[36m>\u001b[39m\n              \u001b[36m<div\u001b[39m\n                \u001b[33mclass\u001b[39m=\u001b[32m\"space-y-4\"\u001b[39m\n              \u001b[36m>\u001b[39m\n                \u001b[36m<h2\u001b[39m\n                  \u001b[33mclass\u001b[39m=\u001b[32m\"text-2xl font-semibold text-zinc-900 dark:text-zinc-100\"\u001b[39m\n                \u001b[36m>\u001b[39m\n                  \u001b[0mWhy we built Dsentr\u001b[0m\n                \u001b[36m</h2>\u001b[39m\n                \u001b[36m<p\u001b[39m\n                  \u001b[33mclass\u001b[39m=\u001b[32m\"text-base leading-relaxed text-zinc-600 dark:text-zinc-300\"\u001b[39m\n                \u001b[36m>\u001b[39m\n                  \u001b[0mDsentr started as a response to brittle, opaque automation stacks. We wanted a platform that made complex orchestration approachable without hiding the details that matter. Triggers, actions, and data flow are all modular so teams can move quickly without losing governance.\u001b[0m\n                \u001b[36m</p>\u001b[39m\n              \u001b[36m</div>\u001b[39m\n              \u001b[36m<p\u001b[39m\n                \u001b[33mclass\u001b[39m=\u001b[32m\"text-base leading-relaxed text-zinc-600 dark:text-zinc-300\"\u001b[39m\n              \u001b[36m>\u001b[39m\n                \u001b[0mToday, we partner with teams of all sizes to streamline operations, prototype ideas faster, and ship dependable workflows. If you are building the future of your business on automation, Dsentr is built to grow with you.\u001b[0m\n              \u001b[36m</p>\u001b[39m\n            \u001b[36m</section>\u001b[39m\n          \u001b[36m</div>\u001b[39m\n        \u001b[36m</div>\u001b[39m\n      \u001b[36m</div>\u001b[39m\n    \u001b[36m</div>\u001b[39m\n  \u001b[36m</div>\u001b[39m\n\u001b[36m</body>\u001b[39m\n    at Object.getElementError (F:\\work\\unified\\frontend\\node_modules\\@testing-library\\dom\\dist\\config.js:37:19)\n    at F:\\work\\unified\\frontend\\node_modules\\@testing-library\\dom\\dist\\query-helpers.js:76:38\n    at F:\\work\\unified\\frontend\\node_modules\\@testing-library\\dom\\dist\\query-helpers.js:52:17\n    at F:\\work\\unified\\frontend\\node_modules\\@testing-library\\dom\\dist\\query-helpers.js:95:19\n    at F:\\work\\unified\\frontend\\tests\\About.test.tsx:31:14\n    at file:///F:/work/unified/frontend/node_modules/@vitest/runner/dist/index.js:103:11\n    at file:///F:/work/unified/frontend/node_modules/@vitest/runner/dist/index.js:596:26\n    at file:///F:/work/unified/frontend/node_modules/@vitest/runner/dist/index.js:879:20\n    at new Promise (<anonymous>)\n    at runWithTimeout (file:///F:/work/unified/frontend/node_modules/@vitest/runner/dist/index.js:852:10)"],"meta":{}}],"startTime":1761510657545,"endTime":1761510658261.669,"status":"failed","message":"","name":"F:/work/unified/frontend/tests/About.test.tsx"},{"assertionResults":[{"ancestorTitles":["AmazonSESAction"],"fullName":"AmazonSESAction writes validation state to the workflow store when inputs are valid","status":"passed","title":"writes validation state to the workflow store when inputs are valid","duration":91.65769999999975,"failureMessages":[],"meta":{}},{"ancestorTitles":["AmazonSESAction"],"fullName":"AmazonSESAction surfaces an error when region is not selected","status":"passed","title":"surfaces an error when region is not selected","duration":54.76729999999998,"failureMessages":[],"meta":{}},{"ancestorTitles":["AmazonSESAction"],"fullName":"AmazonSESAction allows the user to change SES version via dropdown","status":"passed","title":"allows the user to change SES version via dropdown","duration":200.04280000000017,"failureMessages":[],"meta":{}},{"ancestorTitles":["AmazonSESAction"],"fullName":"AmazonSESAction shows template variables editor when a template is provided","status":"passed","title":"shows template variables editor when a template is provided","duration":27.04170000000022,"failureMessages":[],"meta":{}}],"startTime":1761510631814,"endTime":1761510632188.0417,"status":"passed","message":"","name":"F:/work/unified/frontend/tests/AmazonSESAction.test.tsx"},{"assertionResults":[{"ancestorTitles":["App"],"fullName":"App renders header and footer","status":"failed","title":"renders header and footer","duration":233.3733000000002,"failureMessages":["TestingLibraryElementError: Found multiple elements with the text: Dsentr\n\nHere are the matching elements:\n\nIgnored nodes: comments, script, style\n\u001b[36m<span\u001b[39m\n  \u001b[33mclass\u001b[39m=\u001b[32m\"leading-none\"\u001b[39m\n\u001b[36m>\u001b[39m\n  \u001b[0mDsentr\u001b[0m\n\u001b[36m</span>\u001b[39m\n\nIgnored nodes: comments, script, style\n\u001b[36m<span>\u001b[39m\n  \u001b[0mDsentr\u001b[0m\n\u001b[36m</span>\u001b[39m\n\n(If this is intentional, then use the `*AllBy*` variant of the query (like `queryAllByText`, `getAllByText`, or `findAllByText`)).\n\nIgnored nodes: comments, script, style\n\u001b[36m<body>\u001b[39m\n  \u001b[36m<div>\u001b[39m\n    \u001b[36m<div\u001b[39m\n      \u001b[33mclass\u001b[39m=\u001b[32m\"min-h-screen flex flex-col\"\u001b[39m\n    \u001b[36m>\u001b[39m\n      \u001b[36m<header\u001b[39m\n        \u001b[33mclass\u001b[39m=\u001b[32m\"flex justify-between items-center px-6 py-4 border-b border-zinc-200 dark:border-zinc-700\"\u001b[39m\n      \u001b[36m>\u001b[39m\n        \u001b[36m<div\u001b[39m\n          \u001b[33mclass\u001b[39m=\u001b[32m\"flex items-center gap-1 font-bold tracking-tight text-xl text-zinc-900 dark:text-zinc-100\"\u001b[39m\n        \u001b[36m>\u001b[39m\n          \u001b[36m<span\u001b[39m\n            \u001b[33mclass\u001b[39m=\u001b[32m\"leading-none\"\u001b[39m\n          \u001b[36m>\u001b[39m\n            \u001b[0mDsentr\u001b[0m\n          \u001b[36m</span>\u001b[39m\n          \u001b[36m<span\u001b[39m\n            \u001b[33mclass\u001b[39m=\u001b[32m\"inline-block align-middle\"\u001b[39m\n            \u001b[33mstyle\u001b[39m=\u001b[32m\"height: 1em;\"\u001b[39m\n          \u001b[36m>\u001b[39m\n            \u001b[36m<div\u001b[39m\n              \u001b[33mdata-testid\u001b[39m=\u001b[32m\"logo\"\u001b[39m\n            \u001b[36m/>\u001b[39m\n          \u001b[36m</span>\u001b[39m\n        \u001b[36m</div>\u001b[39m\n        \u001b[36m<div\u001b[39m\n          \u001b[33mclass\u001b[39m=\u001b[32m\"hidden md:flex gap-4 items-center\"\u001b[39m\n        \u001b[36m>\u001b[39m\n          \u001b[36m<nav\u001b[39m\n            \u001b[33mclass\u001b[39m=\u001b[32m\"flex items-center gap-6\"\u001b[39m\n          \u001b[36m>\u001b[39m\n            \u001b[36m<a\u001b[39m\n              \u001b[33maria-current\u001b[39m=\u001b[32m\"page\"\u001b[39m\n              \u001b[33mclass\u001b[39m=\u001b[32m\"transition-colors text-sm font-medium hover:text-zinc-900 dark:hover:text-white text-black dark:text-white font-semibold text-primary hover:text-primary transition-all ease-in-out duration-300\"\u001b[39m\n              \u001b[33mdata-discover\u001b[39m=\u001b[32m\"true\"\u001b[39m\n              \u001b[33mhref\u001b[39m=\u001b[32m\"/\"\u001b[39m\n            \u001b[36m>\u001b[39m\n              \u001b[0mHome\u001b[0m\n            \u001b[36m</a>\u001b[39m\n            \u001b[36m<a\u001b[39m\n              \u001b[33mclass\u001b[39m=\u001b[32m\"transition-colors text-sm font-medium hover:text-zinc-900 dark:hover:text-white text-zinc-700 dark:text-zinc-300 text-white hover:text-primary transition-all ease-in-out duration-300\"\u001b[39m\n              \u001b[33mdata-discover\u001b[39m=\u001b[32m\"true\"\u001b[39m\n              \u001b[33mhref\u001b[39m=\u001b[32m\"/about\"\u001b[39m\n            \u001b[36m>\u001b[39m\n              \u001b[0mAbout\u001b[0m\n            \u001b[36m</a>\u001b[39m\n            \u001b[36m<a\u001b[39m\n              \u001b[33mclass\u001b[39m=\u001b[32m\"transition-colors text-sm font-medium hover:text-zinc-900 dark:hover:text-white text-zinc-700 dark:text-zinc-300 text-white hover:text-primary transition-all ease-in-out duration-300\"\u001b[39m\n              \u001b[33mdata-discover\u001b[39m=\u001b[32m\"true\"\u001b[39m\n              \u001b[33mhref\u001b[39m=\u001b[32m\"/how-it-works\"\u001b[39m\n            \u001b[36m>\u001b[39m\n              \u001b[0mHow it works\u001b[0m\n            \u001b[36m</a>\u001b[39m\n          \u001b[36m</nav>\u001b[39m\n          \u001b[36m<a\u001b[39m\n            \u001b[33mdata-discover\u001b[39m=\u001b[32m\"true\"\u001b[39m\n            \u001b[33mhref\u001b[39m=\u001b[32m\"/login\"\u001b[39m\n          \u001b[36m>\u001b[39m\n            \u001b[36m<button\u001b[39m\n              \u001b[33mclass\u001b[39m=\u001b[32m\"px-6 py-3 rounded font-semibold transition \n          bg-indigo-600 text-white hover:bg-indigo-500 \n          dark:bg-indigo-500 dark:hover:bg-indigo-400 \n          px-3 py-2 text-sm leading-none h-9\"\u001b[39m\n            \u001b[36m>\u001b[39m\n              \u001b[0mLog in\u001b[0m\n            \u001b[36m</button>\u001b[39m\n          \u001b[36m</a>\u001b[39m\n          \u001b[36m<a\u001b[39m\n            \u001b[33mdata-discover\u001b[39m=\u001b[32m\"true\"\u001b[39m\n            \u001b[33mhref\u001b[39m=\u001b[32m\"/signup\"\u001b[39m\n          \u001b[36m>\u001b[39m\n            \u001b[36m<button\u001b[39m\n              \u001b[33mclass\u001b[39m=\u001b[32m\"px-6 py-3 rounded font-semibold transition \n          bg-indigo-600 text-white hover:bg-indigo-500 \n          dark:bg-indigo-500 dark:hover:bg-indigo-400 \n          px-3 py-2 text-sm leading-none h-9\"\u001b[39m\n            \u001b[36m>\u001b[39m\n              \u001b[0mSign Up\u001b[0m\n            \u001b[36m</button>\u001b[39m\n          \u001b[36m</a>\u001b[39m\n          \u001b[36m<button\u001b[39m\n            \u001b[33mclass\u001b[39m=\u001b[32m\"btn btn-secondary p-2 rounded-full\"\u001b[39m\n          \u001b[36m>\u001b[39m\n            \u001b[36m<svg\u001b[39m\n              \u001b[33mclass\u001b[39m=\u001b[32m\"w-5 h-5 text-indigo-300\"\u001b[39m\n              \u001b[33mfill\u001b[39m=\u001b[32m\"none\"\u001b[39m\n              \u001b[33mstroke\u001b[39m=\u001b[32m\"currentColor\"\u001b[39m\n              \u001b[33mstroke-linecap\u001b[39m=\u001b[32m\"round\"\u001b[39m\n              \u001b[33mstroke-linejoin\u001b[39m=\u001b[32m\"round\"\u001b[39m\n              \u001b[33mstroke-width\u001b[39m=\u001b[32m\"2\"\u001b[39m\n              \u001b[33mviewBox\u001b[39m=\u001b[32m\"0 0 24 24\"\u001b[39m\n              \u001b[33mxmlns\u001b[39m=\u001b[32m\"http://www.w3.org/2000/svg\"\u001b[39m\n            \u001b[36m>\u001b[39m\n              \u001b[36m<path\u001b[39m\n                \u001b[33md\u001b[39m=\u001b[32m\"M21 12.79A9 9 0 1111.21 3a7 7 0 109.79 9.79z\"\u001b[39m\n              \u001b[36m/>\u001b[39m\n            \u001b[36m</svg>\u001b[39m\n          \u001b[36m</button>\u001b[39m\n        \u001b[36m</div>\u001b[39m\n        \u001b[36m<div\u001b[39m\n          \u001b[33mclass\u001b[39m=\u001b[32m\"md:hidden\"\u001b[39m\n        \u001b[36m>\u001b[39m\n          \u001b[36m<div\u001b[39m\n            \u001b[33mclass\u001b[39m=\u001b[32m\"md:hidden\"\u001b[39m\n          \u001b[36m>\u001b[39m\n            \u001b[36m<button\u001b[39m\n              \u001b[33maria-label\u001b[39m=\u001b[32m\"Toggle Menu\"\u001b[39m\n              \u001b[33mclass\u001b[39m=\u001b[32m\"p-2 text-zinc-700 dark:text-zinc-300 hover:text-indigo-600 dark:hover:text-indigo-400\"\u001b[39m\n            \u001b[36m>\u001b[39m\n              \u001b[36m<svg\u001b[39m\n                \u001b[33maria-hidden\u001b[39m=\u001b[32m\"true\"\u001b[39m\n                \u001b[33mclass\u001b[39m=\u001b[32m\"lucide lucide-menu h-6 w-6\"\u001b[39m\n                \u001b[33mfill\u001b[39m=\u001b[32m\"none\"\u001b[39m\n                \u001b[33mheight\u001b[39m=\u001b[32m\"24\"\u001b[39m\n                \u001b[33mstroke\u001b[39m=\u001b[32m\"currentColor\"\u001b[39m\n                \u001b[33mstroke-linecap\u001b[39m=\u001b[32m\"round\"\u001b[39m\n                \u001b[33mstroke-linejoin\u001b[39m=\u001b[32m\"round\"\u001b[39m\n                \u001b[33mstroke-width\u001b[39m=\u001b[32m\"2\"\u001b[39m\n                \u001b[33mviewBox\u001b[39m=\u001b[32m\"0 0 24 24\"\u001b[39m\n                \u001b[33mwidth\u001b[39m=\u001b[32m\"24\"\u001b[39m\n                \u001b[33mxmlns\u001b[39m=\u001b[32m\"http://www.w3.org/2000/svg\"\u001b[39m\n              \u001b[36m>\u001b[39m\n                \u001b[36m<path\u001b[39m\n                  \u001b[33md\u001b[39m=\u001b[32m\"M4 12h16\"\u001b[39m\n                \u001b[36m/>\u001b[39m\n                \u001b[36m<path\u001b[39m\n                  \u001b[33md\u001b[39m=\u001b[32m\"M4 18h16\"\u001b[39m\n                \u001b[36m/>\u001b[39m\n                \u001b[36m<path\u001b[39m\n                  \u001b[33md\u001b[39m=\u001b[32m\"M4 6h16\"\u001b[39m\n                \u001b[36m/>\u001b[39m\n              \u001b[36m</svg>\u001b[39m\n            \u001b[36m</button>\u001b[39m\n          \u001b[36m</div>\u001b[39m\n        \u001b[36m</div>\u001b[39m\n      \u001b[36m</header>\u001b[39m\n      \u001b[36m<main\u001b[39m\n        \u001b[33mclass\u001b[39m=\u001b[32m\"flex-1\"\u001b[39m\n      \u001b[36m>\u001b[39m\n        \u001b[36m<div\u001b[39m\n          \u001b[33mclass\u001b[39m=\u001b[32m\"relative min-h-screen overflow-hidden bg-gradient-to-br from-zinc-50 via-white to-zinc-100 dark:from-zinc-950 dark:via-zinc-950 dark:to-black\"\u001b[39m\n        \u001b[36m>\u001b[39m\n          \u001b[36m<div\u001b[39m\n            \u001b[33mclass\u001b[39m=\u001b[32m\"pointer-events-none absolute inset-0\"\u001b[39m\n          \u001b[36m>\u001b[39m\n            \u001b[36m<div\u001b[39m\n              \u001b[33mclass\u001b[39m=\u001b[32m\"absolute left-1/2 top-[-15%] h-[520px] w-[520px] -translate-x-1/2 rounded-full bg-indigo-500/20 blur-3xl\"\u001b[39m\n            \u001b[36m/>\u001b[39m\n            \u001b[36m<div\u001b[39m\n              \u001b[33mclass\u001b[39m=\u001b[32m\"absolute right-[-10%] top-1/2 h-[420px] w-[420px] -translate-y-1/2 rounded-full bg-purple-500/15 blur-[160px]\"\u001b[39m\n            \u001b[36m/>\u001b[39m\n            \u001b[36m<div\u001b[39m\n              \u001b[33mclass\u001b[39m=\u001b[32m\"absolute left-[-12%] bottom-[-18%...\n    at Object.getElementError (F:\\work\\unified\\frontend\\node_modules\\@testing-library\\dom\\dist\\config.js:37:19)\n    at getElementError (F:\\work\\unified\\frontend\\node_modules\\@testing-library\\dom\\dist\\query-helpers.js:20:35)\n    at getMultipleElementsFoundError (F:\\work\\unified\\frontend\\node_modules\\@testing-library\\dom\\dist\\query-helpers.js:23:10)\n    at F:\\work\\unified\\frontend\\node_modules\\@testing-library\\dom\\dist\\query-helpers.js:55:13\n    at F:\\work\\unified\\frontend\\node_modules\\@testing-library\\dom\\dist\\query-helpers.js:95:19\n    at F:\\work\\unified\\frontend\\tests\\App.test.tsx:31:19\n    at file:///F:/work/unified/frontend/node_modules/@vitest/runner/dist/index.js:103:11\n    at file:///F:/work/unified/frontend/node_modules/@vitest/runner/dist/index.js:596:26\n    at file:///F:/work/unified/frontend/node_modules/@vitest/runner/dist/index.js:879:20\n    at new Promise (<anonymous>)"],"meta":{}},{"ancestorTitles":["App"],"fullName":"App renders About page via route","status":"failed","title":"renders About page via route","duration":1059.0316999999995,"failureMessages":["Error: Unable to find role=\"heading\" and name `/about/i`\n\nIgnored nodes: comments, script, style\n\u001b[36m<body>\u001b[39m\n  \u001b[36m<div>\u001b[39m\n    \u001b[36m<div\u001b[39m\n      \u001b[33mclass\u001b[39m=\u001b[32m\"min-h-screen flex flex-col\"\u001b[39m\n    \u001b[36m>\u001b[39m\n      \u001b[36m<header\u001b[39m\n        \u001b[33mclass\u001b[39m=\u001b[32m\"flex justify-between items-center px-6 py-4 border-b border-zinc-200 dark:border-zinc-700\"\u001b[39m\n      \u001b[36m>\u001b[39m\n        \u001b[36m<div\u001b[39m\n          \u001b[33mclass\u001b[39m=\u001b[32m\"flex items-center gap-1 font-bold tracking-tight text-xl text-zinc-900 dark:text-zinc-100\"\u001b[39m\n        \u001b[36m>\u001b[39m\n          \u001b[36m<span\u001b[39m\n            \u001b[33mclass\u001b[39m=\u001b[32m\"leading-none\"\u001b[39m\n          \u001b[36m>\u001b[39m\n            \u001b[0mDsentr\u001b[0m\n          \u001b[36m</span>\u001b[39m\n          \u001b[36m<span\u001b[39m\n            \u001b[33mclass\u001b[39m=\u001b[32m\"inline-block align-middle\"\u001b[39m\n            \u001b[33mstyle\u001b[39m=\u001b[32m\"height: 1em;\"\u001b[39m\n          \u001b[36m>\u001b[39m\n            \u001b[36m<div\u001b[39m\n              \u001b[33mdata-testid\u001b[39m=\u001b[32m\"logo\"\u001b[39m\n            \u001b[36m/>\u001b[39m\n          \u001b[36m</span>\u001b[39m\n        \u001b[36m</div>\u001b[39m\n        \u001b[36m<div\u001b[39m\n          \u001b[33mclass\u001b[39m=\u001b[32m\"hidden md:flex gap-4 items-center\"\u001b[39m\n        \u001b[36m>\u001b[39m\n          \u001b[36m<nav\u001b[39m\n            \u001b[33mclass\u001b[39m=\u001b[32m\"flex items-center gap-6\"\u001b[39m\n          \u001b[36m>\u001b[39m\n            \u001b[36m<a\u001b[39m\n              \u001b[33mclass\u001b[39m=\u001b[32m\"transition-colors text-sm font-medium hover:text-zinc-900 dark:hover:text-white text-zinc-700 dark:text-zinc-300 text-white hover:text-primary transition-all ease-in-out duration-300\"\u001b[39m\n              \u001b[33mdata-discover\u001b[39m=\u001b[32m\"true\"\u001b[39m\n              \u001b[33mhref\u001b[39m=\u001b[32m\"/\"\u001b[39m\n            \u001b[36m>\u001b[39m\n              \u001b[0mHome\u001b[0m\n            \u001b[36m</a>\u001b[39m\n            \u001b[36m<a\u001b[39m\n              \u001b[33maria-current\u001b[39m=\u001b[32m\"page\"\u001b[39m\n              \u001b[33mclass\u001b[39m=\u001b[32m\"transition-colors text-sm font-medium hover:text-zinc-900 dark:hover:text-white text-black dark:text-white font-semibold text-primary hover:text-primary transition-all ease-in-out duration-300\"\u001b[39m\n              \u001b[33mdata-discover\u001b[39m=\u001b[32m\"true\"\u001b[39m\n              \u001b[33mhref\u001b[39m=\u001b[32m\"/about\"\u001b[39m\n            \u001b[36m>\u001b[39m\n              \u001b[0mAbout\u001b[0m\n            \u001b[36m</a>\u001b[39m\n            \u001b[36m<a\u001b[39m\n              \u001b[33mclass\u001b[39m=\u001b[32m\"transition-colors text-sm font-medium hover:text-zinc-900 dark:hover:text-white text-zinc-700 dark:text-zinc-300 text-white hover:text-primary transition-all ease-in-out duration-300\"\u001b[39m\n              \u001b[33mdata-discover\u001b[39m=\u001b[32m\"true\"\u001b[39m\n              \u001b[33mhref\u001b[39m=\u001b[32m\"/how-it-works\"\u001b[39m\n            \u001b[36m>\u001b[39m\n              \u001b[0mHow it works\u001b[0m\n            \u001b[36m</a>\u001b[39m\n          \u001b[36m</nav>\u001b[39m\n          \u001b[36m<a\u001b[39m\n            \u001b[33mdata-discover\u001b[39m=\u001b[32m\"true\"\u001b[39m\n            \u001b[33mhref\u001b[39m=\u001b[32m\"/login\"\u001b[39m\n          \u001b[36m>\u001b[39m\n            \u001b[36m<button\u001b[39m\n              \u001b[33mclass\u001b[39m=\u001b[32m\"px-6 py-3 rounded font-semibold transition \n          bg-indigo-600 text-white hover:bg-indigo-500 \n          dark:bg-indigo-500 dark:hover:bg-indigo-400 \n          px-3 py-2 text-sm leading-none h-9\"\u001b[39m\n            \u001b[36m>\u001b[39m\n              \u001b[0mLog in\u001b[0m\n            \u001b[36m</button>\u001b[39m\n          \u001b[36m</a>\u001b[39m\n          \u001b[36m<a\u001b[39m\n            \u001b[33mdata-discover\u001b[39m=\u001b[32m\"true\"\u001b[39m\n            \u001b[33mhref\u001b[39m=\u001b[32m\"/signup\"\u001b[39m\n          \u001b[36m>\u001b[39m\n            \u001b[36m<button\u001b[39m\n              \u001b[33mclass\u001b[39m=\u001b[32m\"px-6 py-3 rounded font-semibold transition \n          bg-indigo-600 text-white hover:bg-indigo-500 \n          dark:bg-indigo-500 dark:hover:bg-indigo-400 \n          px-3 py-2 text-sm leading-none h-9\"\u001b[39m\n            \u001b[36m>\u001b[39m\n              \u001b[0mSign Up\u001b[0m\n            \u001b[36m</button>\u001b[39m\n          \u001b[36m</a>\u001b[39m\n          \u001b[36m<button\u001b[39m\n            \u001b[33mclass\u001b[39m=\u001b[32m\"btn btn-secondary p-2 rounded-full\"\u001b[39m\n          \u001b[36m>\u001b[39m\n            \u001b[36m<svg\u001b[39m\n              \u001b[33mclass\u001b[39m=\u001b[32m\"w-5 h-5 text-indigo-300\"\u001b[39m\n              \u001b[33mfill\u001b[39m=\u001b[32m\"none\"\u001b[39m\n              \u001b[33mstroke\u001b[39m=\u001b[32m\"currentColor\"\u001b[39m\n              \u001b[33mstroke-linecap\u001b[39m=\u001b[32m\"round\"\u001b[39m\n              \u001b[33mstroke-linejoin\u001b[39m=\u001b[32m\"round\"\u001b[39m\n              \u001b[33mstroke-width\u001b[39m=\u001b[32m\"2\"\u001b[39m\n              \u001b[33mviewBox\u001b[39m=\u001b[32m\"0 0 24 24\"\u001b[39m\n              \u001b[33mxmlns\u001b[39m=\u001b[32m\"http://www.w3.org/2000/svg\"\u001b[39m\n            \u001b[36m>\u001b[39m\n              \u001b[36m<path\u001b[39m\n                \u001b[33md\u001b[39m=\u001b[32m\"M21 12.79A9 9 0 1111.21 3a7 7 0 109.79 9.79z\"\u001b[39m\n              \u001b[36m/>\u001b[39m\n            \u001b[36m</svg>\u001b[39m\n          \u001b[36m</button>\u001b[39m\n        \u001b[36m</div>\u001b[39m\n        \u001b[36m<div\u001b[39m\n          \u001b[33mclass\u001b[39m=\u001b[32m\"md:hidden\"\u001b[39m\n        \u001b[36m>\u001b[39m\n          \u001b[36m<div\u001b[39m\n            \u001b[33mclass\u001b[39m=\u001b[32m\"md:hidden\"\u001b[39m\n          \u001b[36m>\u001b[39m\n            \u001b[36m<button\u001b[39m\n              \u001b[33maria-label\u001b[39m=\u001b[32m\"Toggle Menu\"\u001b[39m\n              \u001b[33mclass\u001b[39m=\u001b[32m\"p-2 text-zinc-700 dark:text-zinc-300 hover:text-indigo-600 dark:hover:text-indigo-400\"\u001b[39m\n            \u001b[36m>\u001b[39m\n              \u001b[36m<svg\u001b[39m\n                \u001b[33maria-hidden\u001b[39m=\u001b[32m\"true\"\u001b[39m\n                \u001b[33mclass\u001b[39m=\u001b[32m\"lucide lucide-menu h-6 w-6\"\u001b[39m\n                \u001b[33mfill\u001b[39m=\u001b[32m\"none\"\u001b[39m\n                \u001b[33mheight\u001b[39m=\u001b[32m\"24\"\u001b[39m\n                \u001b[33mstroke\u001b[39m=\u001b[32m\"currentColor\"\u001b[39m\n                \u001b[33mstroke-linecap\u001b[39m=\u001b[32m\"round\"\u001b[39m\n                \u001b[33mstroke-linejoin\u001b[39m=\u001b[32m\"round\"\u001b[39m\n                \u001b[33mstroke-width\u001b[39m=\u001b[32m\"2\"\u001b[39m\n                \u001b[33mviewBox\u001b[39m=\u001b[32m\"0 0 24 24\"\u001b[39m\n                \u001b[33mwidth\u001b[39m=\u001b[32m\"24\"\u001b[39m\n                \u001b[33mxmlns\u001b[39m=\u001b[32m\"http://www.w3.org/2000/svg\"\u001b[39m\n              \u001b[36m>\u001b[39m\n                \u001b[36m<path\u001b[39m\n                  \u001b[33md\u001b[39m=\u001b[32m\"M4 12h16\"\u001b[39m\n                \u001b[36m/>\u001b[39m\n                \u001b[36m<path\u001b[39m\n                  \u001b[33md\u001b[39m=\u001b[32m\"M4 18h16\"\u001b[39m\n                \u001b[36m/>\u001b[39m\n                \u001b[36m<path\u001b[39m\n                  \u001b[33md\u001b[39m=\u001b[32m\"M4 6h16\"\u001b[39m\n                \u001b[36m/>\u001b[39m\n              \u001b[36m</svg>\u001b[39m\n            \u001b[36m</button>\u001b[39m\n          \u001b[36m</div>\u001b[39m\n        \u001b[36m</div>\u001b[39m\n      \u001b[36m</header>\u001b[39m\n      \u001b[36m<main\u001b[39m\n        \u001b[33mclass\u001b[39m=\u001b[32m\"flex-1\"\u001b[39m\n      \u001b[36m>\u001b[39m\n        \u001b[36m<div\u001b[39m\n          \u001b[33mclass\u001b[39m=\u001b[32m\"relative min-h-screen overflow-hidden bg-gradient-to-br from-zinc-50 via-white to-zinc-100 dark:from-zinc-950 dark:via-zinc-950 dark:to-black\"\u001b[39m\n        \u001b[36m>\u001b[39m\n          \u001b[36m<div\u001b[39m\n            \u001b[33mclass\u001b[39m=\u001b[32m\"pointer-events-none absolute inset-0\"\u001b[39m\n          \u001b[36m>\u001b[39m\n            \u001b[36m<div\u001b[39m\n              \u001b[33mclass\u001b[39m=\u001b[32m\"absolute left-1/2 top-[-15%] h-[520px] w-[520px] -translate-x-1/2 rounded-full bg-indigo-500/20 blur-3xl\"\u001b[39m\n            \u001b[36m/>\u001b[39m\n            \u001b[36m<div\u001b[39m\n              \u001b[33mclass\u001b[39m=\u001b[32m\"absolute right-[-10%] top-1/2 h-[420px] w-[420px] -translate-y-1/2 rounded-full bg-purple-500/15 blur-[160px]\"\u001b[39m\n            \u001b[36m/>\u001b[39m\n            \u001b[36m<div\u001b[39m\n              \u001b[33mclass\u001b[39m=\u001b[32m\"absolute left-[-12%] bottom-[-18%...\n    at Proxy.waitForWrapper (F:\\work\\unified\\frontend\\node_modules\\@testing-library\\dom\\dist\\wait-for.js:163:27)\n    at F:\\work\\unified\\frontend\\tests\\App.test.tsx:42:11\n    at file:///F:/work/unified/frontend/node_modules/@vitest/runner/dist/index.js:103:11\n    at file:///F:/work/unified/frontend/node_modules/@vitest/runner/dist/index.js:596:26\n    at file:///F:/work/unified/frontend/node_modules/@vitest/runner/dist/index.js:879:20\n    at new Promise (<anonymous>)\n    at runWithTimeout (file:///F:/work/unified/frontend/node_modules/@vitest/runner/dist/index.js:852:10)\n    at runTest (file:///F:/work/unified/frontend/node_modules/@vitest/runner/dist/index.js:1360:12)\n    at processTicksAndRejections (node:internal/process/task_queues:105:5)\n    at runSuite (file:///F:/work/unified/frontend/node_modules/@vitest/runner/dist/index.js:1507:8)"],"meta":{}},{"ancestorTitles":["App"],"fullName":"App renders NotFound page on invalid route","status":"passed","title":"renders NotFound page on invalid route","duration":13.452299999999923,"failureMessages":[],"meta":{}}],"startTime":1761510654619,"endTime":1761510655925.4524,"status":"failed","message":"","name":"F:/work/unified/frontend/tests/App.test.tsx"},{"assertionResults":[{"ancestorTitles":["useAuth workspace selection"],"fullName":"useAuth workspace selection falls back to the owned workspace when the preferred workspace is missing","status":"passed","title":"falls back to the owned workspace when the preferred workspace is missing","duration":4.321800000000167,"failureMessages":[],"meta":{}}],"startTime":1761510641422,"endTime":1761510641426.3218,"status":"passed","message":"","name":"F:/work/unified/frontend/tests/auth.test.ts"},{"assertionResults":[{"ancestorTitles":["CheckEmail"],"fullName":"CheckEmail renders confirmation message","status":"failed","title":"renders confirmation message","duration":398.9517999999998,"failureMessages":["TestingLibraryElementError: Unable to find an accessible element with the role \"heading\" and name `/check your email/i`\n\nHere are the accessible roles:\n\n  heading:\n\n  Name \"Confirm your email\":\n  \u001b[36m<h1\u001b[39m\n    \u001b[33mclass\u001b[39m=\u001b[32m\"text-4xl font-bold tracking-tight text-zinc-900 dark:text-zinc-100 sm:text-5xl md:text-6xl\"\u001b[39m\n  \u001b[36m/>\u001b[39m\n\n  --------------------------------------------------\n  paragraph:\n\n  Name \"\":\n  \u001b[36m<p\u001b[39m\n    \u001b[33mclass\u001b[39m=\u001b[32m\"max-w-3xl text-lg text-zinc-600 dark:text-zinc-300\"\u001b[39m\n  \u001b[36m/>\u001b[39m\n\n  Name \"\":\n  \u001b[36m<p\u001b[39m\n    \u001b[33mclass\u001b[39m=\u001b[32m\"max-w-xl text-base leading-relaxed text-zinc-600 dark:text-zinc-300\"\u001b[39m\n  \u001b[36m/>\u001b[39m\n\n  --------------------------------------------------\n  link:\n\n  Name \"Open email app\":\n  \u001b[36m<a\u001b[39m\n    \u001b[33mclass\u001b[39m=\u001b[32m\"inline-flex items-center justify-center rounded-full bg-indigo-600 px-6 py-3 text-sm font-semibold text-white shadow-md transition hover:bg-indigo-500\"\u001b[39m\n    \u001b[33mhref\u001b[39m=\u001b[32m\"mailto:\"\u001b[39m\n  \u001b[36m/>\u001b[39m\n\n  --------------------------------------------------\n\nIgnored nodes: comments, script, style\n\u001b[36m<body>\u001b[39m\n  \u001b[36m<div>\u001b[39m\n    \u001b[36m<div\u001b[39m\n      \u001b[33mclass\u001b[39m=\u001b[32m\"relative min-h-screen overflow-hidden bg-gradient-to-br from-zinc-50 via-white to-zinc-100 dark:from-zinc-950 dark:via-zinc-950 dark:to-black\"\u001b[39m\n    \u001b[36m>\u001b[39m\n      \u001b[36m<div\u001b[39m\n        \u001b[33mclass\u001b[39m=\u001b[32m\"pointer-events-none absolute inset-0\"\u001b[39m\n      \u001b[36m>\u001b[39m\n        \u001b[36m<div\u001b[39m\n          \u001b[33mclass\u001b[39m=\u001b[32m\"absolute left-1/2 top-[-15%] h-[520px] w-[520px] -translate-x-1/2 rounded-full bg-indigo-500/20 blur-3xl\"\u001b[39m\n        \u001b[36m/>\u001b[39m\n        \u001b[36m<div\u001b[39m\n          \u001b[33mclass\u001b[39m=\u001b[32m\"absolute right-[-10%] top-1/2 h-[420px] w-[420px] -translate-y-1/2 rounded-full bg-purple-500/15 blur-[160px]\"\u001b[39m\n        \u001b[36m/>\u001b[39m\n        \u001b[36m<div\u001b[39m\n          \u001b[33mclass\u001b[39m=\u001b[32m\"absolute left-[-12%] bottom-[-18%] h-[360px] w-[360px] rounded-full bg-sky-500/10 blur-[140px]\"\u001b[39m\n        \u001b[36m/>\u001b[39m\n      \u001b[36m</div>\u001b[39m\n      \u001b[36m<div\u001b[39m\n        \u001b[33mclass\u001b[39m=\u001b[32m\"relative z-10 mx-auto w-full max-w-3xl px-6 py-20 sm:py-24 lg:py-28\"\u001b[39m\n      \u001b[36m>\u001b[39m\n        \u001b[36m<div\u001b[39m\n          \u001b[33mclass\u001b[39m=\u001b[32m\"rounded-3xl border border-white/60 bg-white/80 p-10 shadow-2xl shadow-indigo-500/10 backdrop-blur-2xl transition-colors dark:border-white/10 dark:bg-zinc-900/80 sm:p-12 \"\u001b[39m\n        \u001b[36m>\u001b[39m\n          \u001b[36m<div\u001b[39m\n            \u001b[33mclass\u001b[39m=\u001b[32m\"space-y-12 text-center\"\u001b[39m\n          \u001b[36m>\u001b[39m\n            \u001b[36m<div\u001b[39m\n              \u001b[33mclass\u001b[39m=\u001b[32m\"flex flex-col gap-6 items-center text-center\"\u001b[39m\n            \u001b[36m>\u001b[39m\n              \u001b[36m<div\u001b[39m\n                \u001b[33mclass\u001b[39m=\u001b[32m\"flex items-center gap-3 text-2xl font-semibold tracking-tight text-zinc-900 dark:text-zinc-100 justify-center\"\u001b[39m\n              \u001b[36m>\u001b[39m\n                \u001b[36m<span\u001b[39m\n                  \u001b[33mclass\u001b[39m=\u001b[32m\"inline-flex h-12 w-12 items-center justify-center rounded-full bg-indigo-500/10 text-indigo-600 dark:text-indigo-400\"\u001b[39m\n                \u001b[36m>\u001b[39m\n                  \u001b[36m<div\u001b[39m\n                    \u001b[33mclass\u001b[39m=\u001b[32m\"text-zinc-900 dark:text-zinc-100\"\u001b[39m\n                  \u001b[36m>\u001b[39m\n                    \u001b[36m<svg\u001b[39m\n                      \u001b[33mclass\u001b[39m=\u001b[32m\"h-7 w-7\"\u001b[39m\n                      \u001b[33mfill\u001b[39m=\u001b[32m\"none\"\u001b[39m\n                      \u001b[33mheight\u001b[39m=\u001b[32m\"30\"\u001b[39m\n                      \u001b[33mstyle\u001b[39m=\u001b[32m\"margin-top: -3px;\"\u001b[39m\n                      \u001b[33mviewBox\u001b[39m=\u001b[32m\"0 0 200 200\"\u001b[39m\n                      \u001b[33mwidth\u001b[39m=\u001b[32m\"30\"\u001b[39m\n                      \u001b[33mxmlns\u001b[39m=\u001b[32m\"http://www.w3.org/2000/svg\"\u001b[39m\n                    \u001b[36m>\u001b[39m\n                      \u001b[36m<rect\u001b[39m\n                        \u001b[33mclass\u001b[39m=\u001b[32m\"square\"\u001b[39m\n                        \u001b[33mheight\u001b[39m=\u001b[32m\"32\"\u001b[39m\n                        \u001b[33mwidth\u001b[39m=\u001b[32m\"32\"\u001b[39m\n                        \u001b[33mx\u001b[39m=\u001b[32m\"20\"\u001b[39m\n                        \u001b[33my\u001b[39m=\u001b[32m\"20\"\u001b[39m\n                      \u001b[36m/>\u001b[39m\n                      \u001b[36m<rect\u001b[39m\n                        \u001b[33mclass\u001b[39m=\u001b[32m\"square\"\u001b[39m\n                        \u001b[33mheight\u001b[39m=\u001b[32m\"32\"\u001b[39m\n                        \u001b[33mwidth\u001b[39m=\u001b[32m\"32\"\u001b[39m\n                        \u001b[33mx\u001b[39m=\u001b[32m\"84\"\u001b[39m\n                        \u001b[33my\u001b[39m=\u001b[32m\"20\"\u001b[39m\n                      \u001b[36m/>\u001b[39m\n                      \u001b[36m<rect\u001b[39m\n                        \u001b[33mclass\u001b[39m=\u001b[32m\"square\"\u001b[39m\n                        \u001b[33mheight\u001b[39m=\u001b[32m\"32\"\u001b[39m\n                        \u001b[33mwidth\u001b[39m=\u001b[32m\"32\"\u001b[39m\n                        \u001b[33mx\u001b[39m=\u001b[32m\"148\"\u001b[39m\n                        \u001b[33my\u001b[39m=\u001b[32m\"20\"\u001b[39m\n                      \u001b[36m/>\u001b[39m\n                      \u001b[36m<rect\u001b[39m\n                        \u001b[33mclass\u001b[39m=\u001b[32m\"square\"\u001b[39m\n                        \u001b[33mheight\u001b[39m=\u001b[32m\"32\"\u001b[39m\n                        \u001b[33mwidth\u001b[39m=\u001b[32m\"32\"\u001b[39m\n                        \u001b[33mx\u001b[39m=\u001b[32m\"20\"\u001b[39m\n                        \u001b[33my\u001b[39m=\u001b[32m\"84\"\u001b[39m\n                      \u001b[36m/>\u001b[39m\n                      \u001b[36m<rect\u001b[39m\n                        \u001b[33mclass\u001b[39m=\u001b[32m\"square\"\u001b[39m\n                        \u001b[33mheight\u001b[39m=\u001b[32m\"32\"\u001b[39m\n                        \u001b[33mwidth\u001b[39m=\u001b[32m\"32\"\u001b[39m\n                        \u001b[33mx\u001b[39m=\u001b[32m\"84\"\u001b[39m\n                        \u001b[33my\u001b[39m=\u001b[32m\"84\"\u001b[39m\n                      \u001b[36m/>\u001b[39m\n                      \u001b[36m<rect\u001b[39m\n                        \u001b[33mclass\u001b[39m=\u001b[32m\"square\"\u001b[39m\n                        \u001b[33mheight\u001b[39m=\u001b[32m\"32\"\u001b[39m\n                        \u001b[33mwidth\u001b[39m=\u001b[32m\"32\"\u001b[39m\n                        \u001b[33mx\u001b[39m=\u001b[32m\"148\"\u001b[39m\n                        \u001b[33my\u001b[39m=\u001b[32m\"84\"\u001b[39m\n                      \u001b[36m/>\u001b[39m\n                      \u001b[36m<rect\u001b[39m\n                        \u001b[33mclass\u001b[39m=\u001b[32m\"square\"\u001b[39m\n                        \u001b[33mheight\u001b[39m=\u001b[32m\"32\"\u001b[39m\n                        \u001b[33mwidth\u001b[39m=\u001b[32m\"32\"\u001b[39m\n                        \u001b[33mx\u001b[39m=\u001b[32m\"20\"\u001b[39m\n                        \u001b[33my\u001b[39m=\u001b[32m\"148\"\u001b[39m\n                      \u001b[36m/>\u001b[39m\n                      \u001b[36m<rect\u001b[39m\n                        \u001b[33mclass\u001b[39m=\u001b[32m\"square\"\u001b[39m\n                        \u001b[33mheight\u001b[39m=\u001b[32m\"32\"\u001b[39m\n                        \u001b[33mwidth\u001b[39m=\u001b[32m\"32\"\u001b[39m\n                        \u001b[33mx\u001b[39m=\u001b[32m\"84\"\u001b[39m\n                        \u001b[33my\u001b[39m=\u001b[32m\"148\"\u001b[39m\n                      \u001b[36m/>\u001b[39m\n                      \u001b[36m<rect\u001b[39m\n                        \u001b[33mclass\u001b[39m=\u001b[32m\"square\"\u001b[39m\n                        \u001b[33mheight\u001b[39m=\u001b[32m\"32\"\u001b[39m\n                        \u001b[33mwidth\u001b[39m=\u001b[32m\"32\"\u001b[39m\n                        \u001b[33mx\u001b[39m=\u001b[32m\"148\"\u001b[39m\n                        \u001b[33my\u001b[39m=\u001b[32m\"148\"\u001b[39m\n                      \u001b[36m/>\u001b[39m\n                      \u001b[36m<line\u001b[39m\n                        \u001b[33mclass\u001b[39m=\u001b[32m\"line\"\u001b[39m\n                        \u001b[33mx1\u001b[39m=\u001b[32m\"52\"\u001b[39m\n                        \u001b[33mx2\u001b[39m=\u001b[32m\"84\"\u001b[39m\n                        \u001b[33my1\u001b[39m=\u001b[32m\"36\"\u001b[39m\n                        \u001b[33my2\u001b[39m=\u001b[32m\"36\"\u001b[39m\n                      \u001b[36m/>\u001b[39m\n                      \u001b[36m<line\u001b[39m\n                        \u001b[33mclass\u001b[39m=\u001b[32m\"line\"\u001b[39m\n                        \u001b[33mx1\u001b[39m=\u001b[32m\"116\"\u001b[39m\n                        \u001b[33mx2\u001b[39m=\u001b[32m\"148\"\u001b[39m\n                        \u001b[33my1\u001b[39m=\u001b[32m\"36\"\u001b[39m\n                        \u001b[33my2\u001b[39m=\u001b[32m\"36\"\u001b[39m\n                      \u001b[36m/>\u001b[39m\n                      \u001b[36m<line\u001b[39m\n                        \u001b[33mclass\u001b[39m=\u001b[32m\"line\"\u001b[39m\n                        \u001b[33mx1\u001b[39m=\u001b[32m\"36\"\u001b[39m\n                        \u001b[33mx2\u001b[39m=\u001b[32m\"36\"\u001b[39m\n                        \u001b[33my1\u001b[39m=\u001b[32m\"52\"\u001b[39m\n                        \u001b[33my2\u001b[39m=\u001b[32m\"84\"\u001b[39m\n                      \u001b[36m/>\u001b[39m\n                    \u001b[36m</svg>\u001b[39m\n                  \u001b[36m</div>\u001b[39m\n                \u001b[36m</span>\u001b[39m\n                \u001b[36m<span>\u001b[39m\n                  \u001b[0mDsentr\u001b[0m\n                \u001b[36m</span>\u001b[39m\n              \u001b[36m</div>\u001b[39m\n              \u001b[36m<span\u001b[39m\n                \u001b[33mclass\u001b[39m=\u001b[32m\"text-xs font-semibold uppercase tracking-[0.4em] text-indigo-500\"\u001b[39m\n              \u001b[36m>\u001b[39m\n                \u001b[0mNext step\u001b[0m\n              \u001b[36m</span>\u001b[39m\n              \u001b[36m<h1\u001b[39m\n                \u001b[33mclass\u001b[39m=\u001b[32m\"text-4xl font-bold tracking-tight text-zinc-900 dark:text-zinc-100 sm:text-5xl md:text-6xl\"\u001b[39m\n              \u001b[36m>\u001b[39m\n                \u001b[0mConfirm your email\u001b[0m\n              \u001b[36m</h1>\u001b[39m\n              \u001b[36m<p\u001b[39m\n                \u001b[33mclass\u001b[39m=\u001b[32m\"max-w-3xl text-lg text-zinc-600 dark:text-zinc-300\"\u001b[39m\n              \u001b[36m>\u001b[39m\n                \u001b[0mWe just sent a secure link to your inbox. Open it from the same device to continue with setup.\u001b[0m\n              \u001b[36m</p>\u001b[39m\n            \u001b[36m</div>\u001b[39m\n            \u001b[36m<div\u001b[39m\n              \u001b[33mclass\u001b[39m=\u001b[32m\"flex flex-col items-center gap-6 rounded-2xl border border-zinc-200/60 bg-white/70 p-10 text-center shadow-sm dark:border-white/10 dark:bg-zinc-900/70\"\u001b[39m\n            \u001b[36m>\u001b[39m\n              \u001b[36m<span\u001b[39m\n                \u001b[33mclass\u001b[39m=\u001b[32m\"inline-flex h-16 w-16 items-center justify-center rounded-full bg-indigo-500/10 text-indigo-600 dark:text-indigo-400\"\u001b[39m\n              \u001b[36m>\u001b[39m\n                \u001b[36m<svg\u001b[39m\n                  \u001b[33mclass\u001b[39m=\u001b[32m\"w-24 h-24 mx-auto mb-6 text-indigo-500 dark:text-indigo-400\"\u001b[39m\n                  \u001b[33mfill\u001b[39m=\u001b[32m\"none\"\u001b[39m\n                  \u001b[33mstroke\u001b[39m=\u001b[32m\"currentColor\"\u001b[39m\n                  \u001b[33mstroke-width\u001b[39m=\u001b[32m\"1.5\"\u001b[39m\n                  \u001b[33mviewBox\u001b[39m=\u001b[32m\"0 0 24 24\"\u001b[39m\n                  \u001b[33mxmlns\u001b[39m=\u001b[32m\"http://www.w3.org/2000/svg\"\u001b[39m\n                \u001b[36m>\u001b[39m\n                  \u001b[36m<path\u001b[39m\n                    \u001b[33md\u001b[39m=\u001b[32m\"M3.75 5.25h16.5a1.5 1.5 0 011.5 1.5v10.5a1.5 1.5 0 01-1.5 1.5H3.75a1.5 1.5 0 01-1.5-1.5V6.75a1.5 1.5 0 011.5-1.5z\"\u001b[39m\n                    \u001b[33mstroke-linecap\u001b[39m=\u001b[32m\"round\"\u001b[39m\n                    \u001b[33mstroke-linejoin\u001b[39m=\u001b[32m\"round\"\u001b[39m\n                  \u001b[36m/>\u001b[39m\n                  \u001b[36m<path\u001b[39m\n                    \u001b[33md\u001b[39m=\u001b[32m\"M3.75 6.75l8.25 6 8.25-6\"\u001b[39m\n                    \u001b[33mstroke-linecap\u001b[39m=\u001b[32m\"round\"\u001b[39m\n                    \u001b[33mstroke-linejoin\u001b[39m=\u001b[32m\"round\"\u001b[39m\n                  \u001b[36m/>\u001b[39m\n                \u001b[36m</svg>\u001b[39m\n              \u001b[36m</span>\u001b[39m\n              \u001b[36m<p\u001b[39m\n                \u001b[33mclass\u001b[39m=\u001b[32m\"max-w-xl text-base leading-relaxed text-zinc-600 dark:text-zinc-300\"\u001b[39m\n              \u001b[36m>\u001b[39m\n                \u001b[0mDidn't receive anything? Check your spam folder or request a new link from the login page. For security, the link expires in 15 minutes.\u001b[0m\n              \u001b[36m</p>\u001b[39m\n              \u001b[36m<a\u001b[39m\n                \u001b[33mclass\u001b[39m=\u001b[32m\"inline-flex items-center justify-center rounded-full bg-indigo-600 px-6 py-3 text-sm font-semibold text-white shadow-md transition hover:bg-indigo-500\"\u001b[39m\n                \u001b[33mhref\u001b[39m=\u001b[32m\"mailto:\"\u001b[39m\n              \u001b[36m>\u001b[39m\n                \u001b[0mOpen email app\u001b[0m\n              \u001b[36m</a>\u001b[39m\n            \u001b[36m</div>\u001b[39m\n          \u001b[36m</div>\u001b[39m\n        \u001b[36m</div>\u001b[39m\n      \u001b[36m</div>\u001b[39m\n    \u001b[36m</div>\u001b[39m\n  \u001b[36m</div>\u001b[39m\n\u001b[36m</body>\u001b[39m\n    at Object.getElementError (F:\\work\\unified\\frontend\\node_modules\\@testing-library\\dom\\dist\\config.js:37:19)\n    at F:\\work\\unified\\frontend\\node_modules\\@testing-library\\dom\\dist\\query-helpers.js:76:38\n    at F:\\work\\unified\\frontend\\node_modules\\@testing-library\\dom\\dist\\query-
[...]
:"passed","title":"returns generic error message for non-Error exceptions","duration":4.629800000000159,"failureMessages":[],"meta":{}}],"startTime":1761510632342,"endTime":1761510632369.63,"status":"passed","message":"","name":"F:/work/unified/frontend/tests/lib/verifyEmailApi.test.ts"},{"assertionResults":[{"ancestorTitles":["joinWaitlist"],"fullName":"joinWaitlist returns a success message if API call succeeds","status":"passed","title":"returns a success message if API call succeeds","duration":10.28670000000011,"failureMessages":[],"meta":{}},{"ancestorTitles":["joinWaitlist"],"fullName":"joinWaitlist throws an error if API returns failure status","status":"passed","title":"throws an error if API returns failure status","duration":3.3013999999998305,"failureMessages":[],"meta":{}},{"ancestorTitles":["joinWaitlist"],"fullName":"joinWaitlist throws a generic error if fetch fails","status":"passed","title":"throws a generic error if fetch fails","duration":1.1851999999998952,"failureMessages":[],"meta":{}},{"ancestorTitles":["joinWaitlist"],"fullName":"joinWaitlist throws a generic error if response is malformed","status":"passed","title":"throws a generic error if response is malformed","duration":1.0638000000003558,"failureMessages":[],"meta":{}}],"startTime":1761510638760,"endTime":1761510638776.0637,"status":"passed","message":"","name":"F:/work/unified/frontend/tests/lib/waitlistApi.test.ts"},{"assertionResults":[{"ancestorTitles":["auth.ts"],"fullName":"auth.ts login updates user and sets isLoading to false","status":"passed","title":"login updates user and sets isLoading to false","duration":6.444300000000112,"failureMessages":[],"meta":{}},{"ancestorTitles":["auth.ts"],"fullName":"auth.ts logout calls API and resets auth state","status":"passed","title":"logout calls API and resets auth state","duration":7.3452000000002045,"failureMessages":[],"meta":{}},{"ancestorTitles":["auth.ts"],"fullName":"auth.ts checkAuth sets user on success","status":"passed","title":"checkAuth sets user on success","duration":2.2469999999998436,"failureMessages":[],"meta":{}},{"ancestorTitles":["auth.ts"],"fullName":"auth.ts checkAuth clears user on error","status":"passed","title":"checkAuth clears user on error","duration":1.231999999999971,"failureMessages":[],"meta":{}}],"startTime":1761510634902,"endTime":1761510634919.232,"status":"passed","message":"","name":"F:/work/unified/frontend/tests/stores/auth.test.ts"},{"assertionResults":[{"ancestorTitles":["workflowStore"],"fullName":"workflowStore replaces nodes via setNodes and marks state dirty","status":"passed","title":"replaces nodes via setNodes and marks state dirty","duration":4.414600000000064,"failureMessages":[],"meta":{}},{"ancestorTitles":["workflowStore"],"fullName":"workflowStore replaces edges via setEdges and marks state dirty","status":"passed","title":"replaces edges via setEdges and marks state dirty","duration":1.0381999999999607,"failureMessages":[],"meta":{}},{"ancestorTitles":["workflowStore"],"fullName":"workflowStore updates node data shallowly and marks state dirty","status":"passed","title":"updates node data shallowly and marks state dirty","duration":1.5023999999998523,"failureMessages":[],"meta":{}},{"ancestorTitles":["workflowStore"],"fullName":"workflowStore ignores updateNodeData when node is missing","status":"passed","title":"ignores updateNodeData when node is missing","duration":0.5261999999997897,"failureMessages":[],"meta":{}},{"ancestorTitles":["workflowStore"],"fullName":"workflowStore toggles dirty and saving flags","status":"passed","title":"toggles dirty and saving flags","duration":0.7788000000000466,"failureMessages":[],"meta":{}},{"ancestorTitles":["workflowStore"],"fullName":"workflowStore provides cloned graph data from getGraph","status":"passed","title":"provides cloned graph data from getGraph","duration":2.122400000000198,"failureMessages":[],"meta":{}}],"startTime":1761510632978,"endTime":1761510632988.1223,"status":"passed","message":"","name":"F:/work/unified/frontend/tests/stores/workflowStore.test.ts"},{"assertionResults":[{"ancestorTitles":["ClockIcon"],"fullName":"ClockIcon renders with default props","status":"passed","title":"renders with default props","duration":50.80470000000014,"failureMessages":[],"meta":{}},{"ancestorTitles":["ClockIcon"],"fullName":"ClockIcon passes additional props to svg","status":"passed","title":"passes additional props to svg","duration":7.754299999999603,"failureMessages":[],"meta":{}}],"startTime":1761510672085,"endTime":1761510672143.7544,"status":"passed","message":"","name":"F:/work/unified/frontend/tests/assets/svg-components/ClockIcon.test.tsx"},{"assertionResults":[{"ancestorTitles":["Email icon"],"fullName":"Email icon renders the SVG element","status":"passed","title":"renders the SVG element","duration":48.08059999999978,"failureMessages":[],"meta":{}},{"ancestorTitles":["Email icon"],"fullName":"Email icon forwards additional props to the SVG","status":"passed","title":"forwards additional props to the SVG","duration":9.393599999999878,"failureMessages":[],"meta":{}}],"startTime":1761510669011,"endTime":1761510669068.3936,"status":"passed","message":"","name":"F:/work/unified/frontend/tests/assets/svg-components/EmailIcon.test.tsx"},{"assertionResults":[{"ancestorTitles":["ForgotPasswordIcon"],"fullName":"ForgotPasswordIcon renders the SVG element with correct attributes and classes","status":"passed","title":"renders the SVG element with correct attributes and classes","duration":49.615299999999934,"failureMessages":[],"meta":{}},{"ancestorTitles":["ForgotPasswordIcon"],"fullName":"ForgotPasswordIcon forwards extra props to the SVG element","status":"passed","title":"forwards extra props to the SVG element","duration":11.012299999999868,"failureMessages":[],"meta":{}}],"startTime":1761510658968,"endTime":1761510659029.0122,"status":"passed","message":"","name":"F:/work/unified/frontend/tests/assets/svg-components/ForgetPasswordIcon.test.tsx"},{"assertionResults":[{"ancestorTitles":["HidePasswordIcon"],"fullName":"HidePasswordIcon renders an SVG with expected attributes and classes","status":"passed","title":"renders an SVG with expected attributes and classes","duration":48.395500000000084,"failureMessages":[],"meta":{}},{"ancestorTitles":["HidePasswordIcon"],"fullName":"HidePasswordIcon forwards props to the SVG element","status":"passed","title":"forwards props to the SVG element","duration":10.089500000000044,"failureMessages":[],"meta":{}}],"startTime":1761510663742,"endTime":1761510663800.0896,"status":"passed","message":"","name":"F:/work/unified/frontend/tests/assets/svg-components/HidePasswordIcon.test.tsx"},{"assertionResults":[{"ancestorTitles":["LockIcon"],"fullName":"LockIcon renders an SVG with expected attributes","status":"passed","title":"renders an SVG with expected attributes","duration":50.735699999999724,"failureMessages":[],"meta":{}},{"ancestorTitles":["LockIcon"],"fullName":"LockIcon forwards props to the SVG element","status":"passed","title":"forwards props to the SVG element","duration":10.441299999999956,"failureMessages":[],"meta":{}}],"startTime":1761510668873,"endTime":1761510668934.4414,"status":"passed","message":"","name":"F:/work/unified/frontend/tests/assets/svg-components/LockIcon.test.tsx"},{"assertionResults":[{"ancestorTitles":["LoginIcon"],"fullName":"LoginIcon renders an SVG with expected attributes","status":"passed","title":"renders an SVG with expected attributes","duration":50.93219999999974,"failureMessages":[],"meta":{}},{"ancestorTitles":["LoginIcon"],"fullName":"LoginIcon forwards props to the SVG element","status":"passed","title":"forwards props to the SVG element","duration":11.447500000000218,"failureMessages":[],"meta":{}}],"startTime":1761510661130,"endTime":1761510661193.4475,"status":"passed","message":"","name":"F:/work/unified/frontend/tests/assets/svg-components/LoginIcon.test.tsx"},{"assertionResults":[{"ancestorTitles":["LoginWithGitHubImage"],"fullName":"LoginWithGitHubImage renders the GitHub login button SVG","status":"passed","title":"renders the GitHub login button SVG","duration":55.72280000000001,"failureMessages":[],"meta":{}},{"ancestorTitles":["LoginWithGitHubImage"],"fullName":"LoginWithGitHubImage forwards className prop to outer SVG","status":"passed","title":"forwards className prop to outer SVG","duration":9.728500000000167,"failureMessages":[],"meta":{}}],"startTime":1761510656298,"endTime":1761510656363.7285,"status":"passed","message":"","name":"F:/work/unified/frontend/tests/assets/svg-components/LoginWithGithubImageDark.test.tsx"},{"assertionResults":[{"ancestorTitles":["LoginWithGoogleImage"],"fullName":"LoginWithGoogleImage renders the Google login button SVG","status":"passed","title":"renders the Google login button SVG","duration":57.75490000000036,"failureMessages":[],"meta":{}},{"ancestorTitles":["LoginWithGoogleImage"],"fullName":"LoginWithGoogleImage forwards className prop to outer SVG","status":"passed","title":"forwards className prop to outer SVG","duration":9.813000000000102,"failureMessages":[],"meta":{}}],"startTime":1761510658540,"endTime":1761510658607.813,"status":"passed","message":"","name":"F:/work/unified/frontend/tests/assets/svg-components/LoginWithGithubImageLight.test.tsx"},{"assertionResults":[{"ancestorTitles":["LoginWithGoogleImageDark"],"fullName":"LoginWithGoogleImageDark renders the dark Google login button SVG","status":"passed","title":"renders the dark Google login button SVG","duration":58.00599999999986,"failureMessages":[],"meta":{}},{"ancestorTitles":["LoginWithGoogleImageDark"],"fullName":"LoginWithGoogleImageDark forwards className prop to outer SVG","status":"passed","title":"forwards className prop to outer SVG","duration":9.813200000000052,"failureMessages":[],"meta":{}}],"startTime":1761510661581,"endTime":1761510661649.8132,"status":"passed","message":"","name":"F:/work/unified/frontend/tests/assets/svg-components/LoginWithGoogleImageDark.test.tsx"},{"assertionResults":[{"ancestorTitles":["LoginWithGoogleImageLight"],"fullName":"LoginWithGoogleImageLight renders the light Google login button SVG","status":"passed","title":"renders the light Google login button SVG","duration":57.85119999999961,"failureMessages":[],"meta":{}},{"ancestorTitles":["LoginWithGoogleImageLight"],"fullName":"LoginWithGoogleImageLight forwards className prop to outer SVG","status":"passed","title":"forwards className prop to outer SVG","duration":13.03570000000036,"failureMessages":[],"meta":{}}],"startTime":1761510660844,"endTime":1761510660915.0356,"status":"passed","message":"","name":"F:/work/unified/frontend/tests/assets/svg-components/LoginWithGoogleImageLight.test.tsx"},{"assertionResults":[{"ancestorTitles":["MoonIcon"],"fullName":"MoonIcon renders the moon icon SVG","status":"passed","title":"renders the moon icon SVG","duration":52.060399999999845,"failureMessages":[],"meta":{}},{"ancestorTitles":["MoonIcon"],"fullName":"MoonIcon forwards className prop to outer SVG","status":"passed","title":"forwards className prop to outer SVG","duration":6.9771999999998116,"failureMessages":[],"meta":{}}],"startTime":1761510669486,"endTime":1761510669544.9773,"status":"passed","message":"","name":"F:/work/unified/frontend/tests/assets/svg-components/MoonIcon.test.tsx"},{"assertionResults":[{"ancestorTitles":["PlugIcon"],"fullName":"PlugIcon renders the plug icon SVG","status":"passed","title":"renders the plug icon SVG","duration":50.45490000000018,"failureMessages":[],"meta":{}},{"ancestorTitles":["PlugIcon"],"fullName":"PlugIcon forwards className prop to outer SVG","status":"passed","title":"forwards className prop to outer SVG","duration":7.322799999999916,"failureMessages":[],"meta":{}}],"startTime":1761510674186,"endTime":1761510674244.3228,"status":"passed","message":"","name":"F:/work/unified/frontend/tests/assets/svg-components/PlugIcon.test.tsx"},{"assertionResults":[{"ancestorTitles":["ShieldIcon"],"fullName":"ShieldIcon renders the shield icon SVG","status":"passed","title":"renders the shield icon SVG","duration":53.31389999999965,"failureMessages":[],"meta":{}},{"ancestorTitles":["ShieldIcon"],"fullName":"ShieldIcon forwards className prop to outer SVG","status":"passed","title":"forwards className prop to outer SVG","duration":7.897900000000391,"failureMessages":[],"meta":{}}],"startTime":1761510674035,"endTime":1761510674095.898,"status":"passed","message":"","name":"F:/work/unified/frontend/tests/assets/svg-components/ShieldIcon.test.tsx"},{"assertionResults":[{"ancestorTitles":["ShowPasswordIcon"],"fullName":"ShowPasswordIcon renders the show password (eye) icon SVG","status":"passed","title":"renders the show password (eye) icon SVG","duration":50.93640000000005,"failureMessages":[],"meta":{}},{"ancestorTitles":["ShowPasswordIcon"],"fullName":"ShowPasswordIcon forwards className prop to outer SVG","status":"passed","title":"forwards className prop to outer SVG","duration":7.124299999999948,"failureMessages":[],"meta":{}}],"startTime":1761510671608,"endTime":1761510671667.1243,"status":"passed","message":"","name":"F:/work/unified/frontend/tests/assets/svg-components/ShowPasswordIcon.test.tsx"},{"assertionResults":[{"ancestorTitles":["SignupWithGitHubImageDark"],"fullName":"SignupWithGitHubImageDark renders the dark GitHub signup button SVG","status":"passed","title":"renders the dark GitHub signup button SVG","duration":57.66159999999991,"failureMessages":[],"meta":{}},{"ancestorTitles":["SignupWithGitHubImageDark"],"fullName":"SignupWithGitHubImageDark forwards className prop to outer SVG","status":"passed","title":"forwards className prop to outer SVG","duration":9.494599999999991,"failureMessages":[],"meta":{}}],"startTime":1761510666900,"endTime":1761510666967.4946,"status":"passed","message":"","name":"F:/work/unified/frontend/tests/assets/svg-components/SignupWithGithubImageDark.test.tsx"},{"assertionResults":[{"ancestorTitles":["SignupWithGithubImageLight"],"fullName":"SignupWithGithubImageLight renders the light GitHub signup button SVG","status":"passed","title":"renders the light GitHub signup button SVG","duration":51.083500000000186,"failureMessages":[],"meta":{}},{"ancestorTitles":["SignupWithGithubImageLight"],"fullName":"SignupWithGithubImageLight forwards className prop to outer SVG","status":"passed","title":"forwards className prop to outer SVG","duration":10.151100000000042,"failureMessages":[],"meta":{}}],"startTime":1761510666376,"endTime":1761510666437.1511,"status":"passed","message":"","name":"F:/work/unified/frontend/tests/assets/svg-components/SignupWithGithubImageLight.test.tsx"},{"assertionResults":[{"ancestorTitles":["SignupWithGoogleImageDark"],"fullName":"SignupWithGoogleImageDark renders the dark Google signup button SVG","status":"passed","title":"renders the dark Google signup button SVG","duration":79.46590000000015,"failureMessages":[],"meta":{}},{"ancestorTitles":["SignupWithGoogleImageDark"],"fullName":"SignupWithGoogleImageDark forwards className prop to outer SVG","status":"passed","title":"forwards className prop to outer SVG","duration":9.098899999999958,"failureMessages":[],"meta":{}}],"startTime":1761510664227,"endTime":1761510664316.0989,"status":"passed","message":"","name":"F:/work/unified/frontend/tests/assets/svg-components/SignupWithGoogleImageDark.test.tsx"},{"assertionResults":[{"ancestorTitles":["SignupWithGoogleImageLight"],"fullName":"SignupWithGoogleImageLight renders the light Google signup button SVG","status":"passed","title":"renders the light Google signup button SVG","duration":58.7204999999999,"failureMessages":[],"meta":{}},{"ancestorTitles":["SignupWithGoogleImageLight"],"fullName":"SignupWithGoogleImageLight forwards className prop to outer SVG","status":"passed","title":"forwards className prop to outer SVG","duration":9.057900000000245,"failureMessages":[],"meta":{}}],"startTime":1761510666237,"endTime":1761510666305.0579,"status":"passed","message":"","name":"F:/work/unified/frontend/tests/assets/svg-components/SignupWithGoogleImageLight.test.tsx"},{"assertionResults":[{"ancestorTitles":["SunIcon"],"fullName":"SunIcon renders a sun SVG icon","status":"passed","title":"renders a sun SVG icon","duration":57.554299999999785,"failureMessages":[],"meta":{}},{"ancestorTitles":["SunIcon"],"fullName":"SunIcon applies custom className prop","status":"passed","title":"applies custom className prop","duration":8.167399999999816,"failureMessages":[],"meta":{}}],"startTime":1761510671460,"endTime":1761510671526.1675,"status":"passed","message":"","name":"F:/work/unified/frontend/tests/assets/svg-components/SunIcon.test.tsx"},{"assertionResults":[{"ancestorTitles":[],"fullName":"renders with children and type submit","status":"passed","title":"renders with children and type submit","duration":159.23279999999977,"failureMessages":[],"meta":{}}],"startTime":1761510682194,"endTime":1761510682353.233,"status":"passed","message":"","name":"F:/work/unified/frontend/tests/components/ui/buttons/FormButton.test.tsx"},{"assertionResults":[{"ancestorTitles":[],"fullName":"renders a link styled as a button","status":"passed","title":"renders a link styled as a button","duration":188.82379999999966,"failureMessages":[],"meta":{}}],"startTime":1761510679556,"endTime":1761510679744.8237,"status":"passed","message":"","name":"F:/work/unified/frontend/tests/components/ui/buttons/NavigateButton.test.tsx"},{"assertionResults":[{"ancestorTitles":["SheetsAction"],"fullName":"SheetsAction selects the personal connection when available","status":"passed","title":"selects the personal connection when available","duration":254.40599999999995,"failureMessages":[],"meta":{}},{"ancestorTitles":["SheetsAction"],"fullName":"SheetsAction clears workspace selections when the shared credential is removed","status":"passed","title":"clears workspace selections when the shared credential is removed","duration":47.865499999999884,"failureMessages":[],"meta":{}},{"ancestorTitles":["SheetsAction"],"fullName":"SheetsAction drops revoked personal credentials from the selection","status":"passed","title":"drops revoked personal credentials from the selection","duration":89.62969999999996,"failureMessages":[],"meta":{}},{"ancestorTitles":["SheetsAction"],"fullName":"SheetsAction does not refetch when workspace connections are promoted elsewhere","status":"passed","title":"does not refetch when workspace connections are promoted elsewhere","duration":96.8096999999998,"failureMessages":[],"meta":{}},{"ancestorTitles":["SheetsAction"],"fullName":"SheetsAction dispatches spreadsheet updates through focused patches","status":"passed","title":"dispatches spreadsheet updates through focused patches","duration":52.179099999999835,"failureMessages":[],"meta":{}},{"ancestorTitles":["SheetsAction"],"fullName":"SheetsAction sends column mapping updates with focused patches","status":"passed","title":"sends column mapping updates with focused patches","duration":186.95649999999978,"failureMessages":[],"meta":{}},{"ancestorTitles":["SheetsAction"],"fullName":"SheetsAction toggles hasValidationErrors when inputs transition between invalid and valid","status":"passed","title":"toggles hasValidationErrors when inputs transition between invalid and valid","duration":42.648099999999886,"failureMessages":[],"meta":{}}],"startTime":1761510612352,"endTime":1761510613122.6482,"status":"passed","message":"","name":"F:/work/unified/frontend/tests/components/workflow/actions/google/SheetsAction.test.tsx"},{"assertionResults":[{"ancestorTitles":["SheetsAction"],"fullName":"SheetsAction merges sheet param updates with the existing payload","status":"passed","title":"merges sheet param updates with the existing payload","duration":91.92530000000033,"failureMessages":[],"meta":{}}],"startTime":1761510626769,"endTime":1761510626860.9253,"status":"passed","message":"","name":"F:/work/unified/frontend/tests/components/workflow/actions/google/sheets/SheetsAction.test.tsx"}]}